CRITICAL - 2024-12-10 10:33:34 --> Undefined variable $roles
in APPPATH\Views\edit_user.php on line 63.
 1 APPPATH\Views\edit_user.php(63): CodeIgniter\Debug\Exceptions->errorHandler(2, 'Undefined variable $roles', 'APPPATH\\Views\\edit_user.php', 63)
 2 SYSTEMPATH\View\View.php(213): include('APPPATH\\Views\\edit_user.php')
 3 SYSTEMPATH\View\View.php(216): CodeIgniter\View\View->CodeIgniter\View\{closure}()
 4 SYSTEMPATH\Common.php(1142): CodeIgniter\View\View->render('edit_user', [], true)
 5 APPPATH\Controllers\Edit_user.php(28): view('edit_user', [...])
 6 SYSTEMPATH\CodeIgniter.php(902): App\Controllers\Edit_user->index()
 7 SYSTEMPATH\CodeIgniter.php(457): CodeIgniter\CodeIgniter->runController(Object(App\Controllers\Edit_user))
 8 SYSTEMPATH\CodeIgniter.php(340): CodeIgniter\CodeIgniter->handleRequest(null, Object(Config\Cache), false)
 9 FCPATH\index.php(67): CodeIgniter\CodeIgniter->run()
CRITICAL - 2024-12-10 11:00:53 --> Too few arguments to function App\Models\AppModel::return_app(), 3 passed in D:\xampp\htdocs\debitnote\app\Controllers\Detail_debit.php on line 201 and exactly 5 expected
in APPPATH\Models\AppModel.php on line 42.
 1 APPPATH\Controllers\Detail_debit.php(201): App\Models\AppModel->return_app('0003-CSI-080724-2', '963500', 4)
 2 SYSTEMPATH\CodeIgniter.php(902): App\Controllers\Detail_debit->send_finance_return()
 3 SYSTEMPATH\CodeIgniter.php(457): CodeIgniter\CodeIgniter->runController(Object(App\Controllers\Detail_debit))
 4 SYSTEMPATH\CodeIgniter.php(340): CodeIgniter\CodeIgniter->handleRequest(null, Object(Config\Cache), false)
 5 FCPATH\index.php(67): CodeIgniter\CodeIgniter->run()
CRITICAL - 2024-12-10 11:01:08 --> Undefined variable $date_app5
in APPPATH\Models\AppModel.php on line 60.
 1 APPPATH\Models\AppModel.php(60): CodeIgniter\Debug\Exceptions->errorHandler(2, 'Undefined variable $date_app5', 'APPPATH\\Models\\AppModel.php', 60)
 2 APPPATH\Controllers\Detail_debit.php(201): App\Models\AppModel->return_finance_app('0003-CSI-080724-2', '963500', 4)
 3 SYSTEMPATH\CodeIgniter.php(902): App\Controllers\Detail_debit->send_finance_return()
 4 SYSTEMPATH\CodeIgniter.php(457): CodeIgniter\CodeIgniter->runController(Object(App\Controllers\Detail_debit))
 5 SYSTEMPATH\CodeIgniter.php(340): CodeIgniter\CodeIgniter->handleRequest(null, Object(Config\Cache), false)
 6 FCPATH\index.php(67): CodeIgniter\CodeIgniter->run()
CRITICAL - 2024-12-10 11:01:25 --> Too few arguments to function App\Models\AppModel::return_finance_app(), 3 passed in D:\xampp\htdocs\debitnote\app\Controllers\Detail_debit.php on line 201 and exactly 4 expected
in APPPATH\Models\AppModel.php on line 56.
 1 APPPATH\Controllers\Detail_debit.php(201): App\Models\AppModel->return_finance_app('0003-CSI-080724-2', '963500', 4)
 2 SYSTEMPATH\CodeIgniter.php(902): App\Controllers\Detail_debit->send_finance_return()
 3 SYSTEMPATH\CodeIgniter.php(457): CodeIgniter\CodeIgniter->runController(Object(App\Controllers\Detail_debit))
 4 SYSTEMPATH\CodeIgniter.php(340): CodeIgniter\CodeIgniter->handleRequest(null, Object(Config\Cache), false)
 5 FCPATH\index.php(67): CodeIgniter\CodeIgniter->run()
