CRITICAL - 2024-12-19 10:25:09 --> Undefined array key 17
in APPPATH\Controllers\Engineer_receipt.php on line 212.
 1 APPPATH\Controllers\Engineer_receipt.php(212): CodeIgniter\Debug\Exceptions->errorHandler(2, 'Undefined array key 17', 'APPPATH\\Controllers\\Engineer_receipt.php', 212)
 2 APPPATH\Controllers\Engineer_receipt.php(164): App\Controllers\Engineer_receipt->attachReceipts('0583-IPM-140924', [...], [...])
 3 APPPATH\Controllers\Engineer_receipt.php(59): App\Controllers\Engineer_receipt->saveReportData('0583-IPM-140924', Object(App\Models\EngineerModel), [...], [...])
 4 SYSTEMPATH\CodeIgniter.php(902): App\Controllers\Engineer_receipt->upload_receipts()
 5 SYSTEMPATH\CodeIgniter.php(457): CodeIgniter\CodeIgniter->runController(Object(App\Controllers\Engineer_receipt))
 6 SYSTEMPATH\CodeIgniter.php(340): CodeIgniter\CodeIgniter->handleRequest(null, Object(Config\Cache), false)
 7 FCPATH\index.php(67): CodeIgniter\CodeIgniter->run()
CRITICAL - 2024-12-19 10:27:01 --> Undefined array key 300
in APPPATH\Controllers\Engineer_receipt.php on line 399.
 1 APPPATH\Controllers\Engineer_receipt.php(399): CodeIgniter\Debug\Exceptions->errorHandler(2, 'Undefined array key 300', 'APPPATH\\Controllers\\Engineer_receipt.php', 399)
 2 SYSTEMPATH\CodeIgniter.php(902): App\Controllers\Engineer_receipt->upload_receipts()
 3 SYSTEMPATH\CodeIgniter.php(457): CodeIgniter\CodeIgniter->runController(Object(App\Controllers\Engineer_receipt))
 4 SYSTEMPATH\CodeIgniter.php(340): CodeIgniter\CodeIgniter->handleRequest(null, Object(Config\Cache), false)
 5 FCPATH\index.php(67): CodeIgniter\CodeIgniter->run()
CRITICAL - 2024-12-19 10:27:44 --> Undefined array key 17
in APPPATH\Controllers\Engineer_receipt.php on line 212.
 1 APPPATH\Controllers\Engineer_receipt.php(212): CodeIgniter\Debug\Exceptions->errorHandler(2, 'Undefined array key 17', 'APPPATH\\Controllers\\Engineer_receipt.php', 212)
 2 APPPATH\Controllers\Engineer_receipt.php(164): App\Controllers\Engineer_receipt->attachReceipts('0583-IPM-140924', [...], [...])
 3 APPPATH\Controllers\Engineer_receipt.php(59): App\Controllers\Engineer_receipt->saveReportData('0583-IPM-140924', Object(App\Models\EngineerModel), [...], [...])
 4 SYSTEMPATH\CodeIgniter.php(902): App\Controllers\Engineer_receipt->upload_receipts()
 5 SYSTEMPATH\CodeIgniter.php(457): CodeIgniter\CodeIgniter->runController(Object(App\Controllers\Engineer_receipt))
 6 SYSTEMPATH\CodeIgniter.php(340): CodeIgniter\CodeIgniter->handleRequest(null, Object(Config\Cache), false)
 7 FCPATH\index.php(67): CodeIgniter\CodeIgniter->run()
CRITICAL - 2024-12-19 10:33:02 --> Array to string conversion
in APPPATH\Controllers\Engineer_receipt.php on line 59.
 1 APPPATH\Controllers\Engineer_receipt.php(59): CodeIgniter\Debug\Exceptions->errorHandler(2, 'Array to string conversion', 'APPPATH\\Controllers\\Engineer_receipt.php', 59)
 2 SYSTEMPATH\CodeIgniter.php(902): App\Controllers\Engineer_receipt->upload_receipts()
 3 SYSTEMPATH\CodeIgniter.php(457): CodeIgniter\CodeIgniter->runController(Object(App\Controllers\Engineer_receipt))
 4 SYSTEMPATH\CodeIgniter.php(340): CodeIgniter\CodeIgniter->handleRequest(null, Object(Config\Cache), false)
 5 FCPATH\index.php(67): CodeIgniter\CodeIgniter->run()
CRITICAL - 2024-12-19 10:34:19 --> Call to undefined method App\Controllers\Engineer_receipt::updateSOAndBudgets()
in APPPATH\Controllers\Engineer_receipt.php on line 59.
 1 SYSTEMPATH\CodeIgniter.php(902): App\Controllers\Engineer_receipt->upload_receipts()
 2 SYSTEMPATH\CodeIgniter.php(457): CodeIgniter\CodeIgniter->runController(Object(App\Controllers\Engineer_receipt))
 3 SYSTEMPATH\CodeIgniter.php(340): CodeIgniter\CodeIgniter->handleRequest(null, Object(Config\Cache), false)
 4 FCPATH\index.php(67): CodeIgniter\CodeIgniter->run()
CRITICAL - 2024-12-19 10:48:10 --> Call to undefined method App\Controllers\Engineer_receipt::splitKeterangan()
in APPPATH\Controllers\Engineer_receipt.php on line 54.
 1 SYSTEMPATH\CodeIgniter.php(902): App\Controllers\Engineer_receipt->upload_receipts()
 2 SYSTEMPATH\CodeIgniter.php(457): CodeIgniter\CodeIgniter->runController(Object(App\Controllers\Engineer_receipt))
 3 SYSTEMPATH\CodeIgniter.php(340): CodeIgniter\CodeIgniter->handleRequest(null, Object(Config\Cache), false)
 4 FCPATH\index.php(67): CodeIgniter\CodeIgniter->run()
CRITICAL - 2024-12-19 10:49:01 --> Undefined array key 17
in APPPATH\Controllers\Engineer_receipt.php on line 215.
 1 APPPATH\Controllers\Engineer_receipt.php(215): CodeIgniter\Debug\Exceptions->errorHandler(2, 'Undefined array key 17', 'APPPATH\\Controllers\\Engineer_receipt.php', 215)
 2 APPPATH\Controllers\Engineer_receipt.php(168): App\Controllers\Engineer_receipt->attachReceipts('0583-IPM-140924', [...], [...])
 3 APPPATH\Controllers\Engineer_receipt.php(63): App\Controllers\Engineer_receipt->saveReportData('0583-IPM-140924', Object(App\Models\EngineerModel), [...], [...])
 4 SYSTEMPATH\CodeIgniter.php(902): App\Controllers\Engineer_receipt->upload_receipts()
 5 SYSTEMPATH\CodeIgniter.php(457): CodeIgniter\CodeIgniter->runController(Object(App\Controllers\Engineer_receipt))
 6 SYSTEMPATH\CodeIgniter.php(340): CodeIgniter\CodeIgniter->handleRequest(null, Object(Config\Cache), false)
 7 FCPATH\index.php(67): CodeIgniter\CodeIgniter->run()
ERROR - 2024-12-19 10:59:45 --> Failed to update SO number for ID: 1268
CRITICAL - 2024-12-19 11:24:15 --> Undefined array key "debitnote"
in APPPATH\Views\detail_returned.php on line 201.
 1 APPPATH\Views\detail_returned.php(201): CodeIgniter\Debug\Exceptions->errorHandler(2, 'Undefined array key "debitnote"', 'APPPATH\\Views\\detail_returned.php', 201)
 2 SYSTEMPATH\View\View.php(213): include('APPPATH\\Views\\detail_returned.php')
 3 SYSTEMPATH\View\View.php(216): CodeIgniter\View\View->CodeIgniter\View\{closure}()
 4 SYSTEMPATH\Common.php(1142): CodeIgniter\View\View->render('detail_returned', [], true)
 5 APPPATH\Controllers\Detail_returned.php(78): view('detail_returned', [...])
 6 SYSTEMPATH\CodeIgniter.php(902): App\Controllers\Detail_returned->index()
 7 SYSTEMPATH\CodeIgniter.php(457): CodeIgniter\CodeIgniter->runController(Object(App\Controllers\Detail_returned))
 8 SYSTEMPATH\CodeIgniter.php(340): CodeIgniter\CodeIgniter->handleRequest(null, Object(Config\Cache), false)
 9 FCPATH\index.php(67): CodeIgniter\CodeIgniter->run()
CRITICAL - 2024-12-19 11:26:48 --> Undefined variable $budget_attachment
in APPPATH\Controllers\Detail_report.php on line 198.
 1 APPPATH\Controllers\Detail_report.php(198): CodeIgniter\Debug\Exceptions->errorHandler(2, 'Undefined variable $budget_attachment', 'APPPATH\\Controllers\\Detail_report.php', 198)
 2 SYSTEMPATH\CodeIgniter.php(902): App\Controllers\Detail_report->index()
 3 SYSTEMPATH\CodeIgniter.php(457): CodeIgniter\CodeIgniter->runController(Object(App\Controllers\Detail_report))
 4 SYSTEMPATH\CodeIgniter.php(340): CodeIgniter\CodeIgniter->handleRequest(null, Object(Config\Cache), false)
 5 FCPATH\index.php(67): CodeIgniter\CodeIgniter->run()
CRITICAL - 2024-12-19 13:31:31 --> Undefined variable $budget_attachment
in APPPATH\Controllers\Detail_report.php on line 198.
 1 APPPATH\Controllers\Detail_report.php(198): CodeIgniter\Debug\Exceptions->errorHandler(2, 'Undefined variable $budget_attachment', 'APPPATH\\Controllers\\Detail_report.php', 198)
 2 SYSTEMPATH\CodeIgniter.php(902): App\Controllers\Detail_report->index()
 3 SYSTEMPATH\CodeIgniter.php(457): CodeIgniter\CodeIgniter->runController(Object(App\Controllers\Detail_report))
 4 SYSTEMPATH\CodeIgniter.php(340): CodeIgniter\CodeIgniter->handleRequest(null, Object(Config\Cache), false)
 5 FCPATH\index.php(67): CodeIgniter\CodeIgniter->run()
