CRITICAL - 2024-11-04 10:24:06 --> Undefined array key "budget_total"
in APPPATH\Views\report_engineer.php on line 120.
 1 APPPATH\Views\report_engineer.php(120): CodeIgniter\Debug\Exceptions->errorHandler(2, 'Undefined array key "budget_total"', 'APPPATH\\Views\\report_engineer.php', 120)
 2 SYSTEMPATH\View\View.php(213): include('APPPATH\\Views\\report_engineer.php')
 3 SYSTEMPATH\View\View.php(216): CodeIgniter\View\View->CodeIgniter\View\{closure}()
 4 SYSTEMPATH\Common.php(1142): CodeIgniter\View\View->render('report_engineer', [], true)
 5 APPPATH\Controllers\Report_engineer.php(59): view('report_engineer', [...])
 6 SYSTEMPATH\CodeIgniter.php(902): App\Controllers\Report_engineer->index()
 7 SYSTEMPATH\CodeIgniter.php(457): CodeIgniter\CodeIgniter->runController(Object(App\Controllers\Report_engineer))
 8 SYSTEMPATH\CodeIgniter.php(340): CodeIgniter\CodeIgniter->handleRequest(null, Object(Config\Cache), false)
 9 FCPATH\index.php(67): CodeIgniter\CodeIgniter->run()
CRITICAL - 2024-11-04 11:11:46 --> Undefined array key "so_number"
in APPPATH\Controllers\Engineer_receipt.php on line 204.
 1 APPPATH\Controllers\Engineer_receipt.php(204): CodeIgniter\Debug\Exceptions->errorHandler(2, 'Undefined array key "so_number"', 'APPPATH\\Controllers\\Engineer_receipt.php', 204)
 2 SYSTEMPATH\CodeIgniter.php(902): App\Controllers\Engineer_receipt->upload_receipts()
 3 SYSTEMPATH\CodeIgniter.php(457): CodeIgniter\CodeIgniter->runController(Object(App\Controllers\Engineer_receipt))
 4 SYSTEMPATH\CodeIgniter.php(340): CodeIgniter\CodeIgniter->handleRequest(null, Object(Config\Cache), false)
 5 FCPATH\index.php(67): CodeIgniter\CodeIgniter->run()
ERROR - 2024-11-04 11:12:46 --> mysqli_sql_exception: CONSTRAINT `report.budget_detail` failed for `debitnote`.`report` in D:\xampp\htdocs\debitnote\system\Database\MySQLi\Connection.php:292
Stack trace:
#0 D:\xampp\htdocs\debitnote\system\Database\MySQLi\Connection.php(292): mysqli->query('INSERT INTO `re...', 0)
#1 D:\xampp\htdocs\debitnote\system\Database\BaseConnection.php(693): CodeIgniter\Database\MySQLi\Connection->execute('INSERT INTO `re...')
#2 D:\xampp\htdocs\debitnote\system\Database\BaseConnection.php(620): CodeIgniter\Database\BaseConnection->simpleQuery('INSERT INTO `re...')
#3 D:\xampp\htdocs\debitnote\system\Database\BaseBuilder.php(1916): CodeIgniter\Database\BaseConnection->query('INSERT INTO `re...', Array, false)
#4 D:\xampp\htdocs\debitnote\system\Model.php(279): CodeIgniter\Database\BaseBuilder->insert()
#5 D:\xampp\htdocs\debitnote\system\BaseModel.php(748): CodeIgniter\Model->doInsert(Array)
#6 D:\xampp\htdocs\debitnote\system\Model.php(667): CodeIgniter\BaseModel->insert(Array, true)
#7 D:\xampp\htdocs\debitnote\app\Models\ReportModel.php(78): CodeIgniter\Model->insert(Array)
#8 D:\xampp\htdocs\debitnote\app\Controllers\Engineer_receipt.php(410): App\Models\ReportModel->submitReport('0001-KAM-080724', 'PT KINARYA ALIH...', '2024-07-07 19:5...', 'Muhammad Tri Pr...', 'Denpasar ', 'Karang asem', '20240706097 202...', 'ZZ1L HTC0025807...', 'Pm cm inspec', 'zona2 66', '1720406417_6dba...', 'Estafet', '08 Jul 2024 Sam...', 'Repair + inspec...', 'Hany Padli Will...', '2024-07-08 13:1...', ' 2024-07-08: Re...', Array, ' 800000')
#9 D:\xampp\htdocs\debitnote\system\CodeIgniter.php(902): App\Controllers\Engineer_receipt->upload_receipts()
#10 D:\xampp\htdocs\debitnote\system\CodeIgniter.php(457): CodeIgniter\CodeIgniter->runController(Object(App\Controllers\Engineer_receipt))
#11 D:\xampp\htdocs\debitnote\system\CodeIgniter.php(340): CodeIgniter\CodeIgniter->handleRequest(NULL, Object(Config\Cache), false)
#12 D:\xampp\htdocs\debitnote\index.php(67): CodeIgniter\CodeIgniter->run()
#13 {main}
CRITICAL - 2024-11-04 11:12:46 --> CONSTRAINT `report.budget_detail` failed for `debitnote`.`report`
in SYSTEMPATH\Database\MySQLi\Connection.php on line 292.
 1 SYSTEMPATH\Database\MySQLi\Connection.php(292): mysqli->query('INSERT INTO `report` (`debitnum`, `vendor`, `tanggal_pengajuan`, `nama_ce`, `lokasi_asal`, `lokasi_tujuan`, `so_number`, `wsid`, `service_type`, `zona_perdin`, `jarak_tempuh`, `perdin_type`, `periode_perdin`, `remarks`, `approved_by`, `tanggal_approval`, `budget_detail`, `budget_attachment`, `total_budget`) VALUES (\'0001-KAM-080724\', \'PT KINARYA ALIH DAYA MANDIRI\', \'2024-07-07 19:53:42\', \'Muhammad Tri Prijaya\', \'Denpasar \', \'Karang asem\', \'20240706097 20240708058 ( so number pm menyusul )\', \'ZZ1L HTC0025807 660142\', \'Pm cm inspec\', \'zona2 66\', \'1720406417_6dbad511373ac004223d.jpg\', \'Estafet\', \'08 Jul 2024 Sampai 08 Jul 2024\', \'Repair + inspect + preventif maintenance \', \'Hany Padli Will Aziz\', \'2024-07-08 13:12:04\', \' 2024-07-08: Rental mobil offline + sopir + BBM karena traveloka dan travel tidak support estafet, jalur rawan dan cuaca tidak menentu, membawa toolsbag = Rp 800.000\', \'[{\\"id\\":1,\\"budgetDetail\\":\\" 2024-07-08: Rental mobil offline + sopir + BBM karena traveloka dan travel tidak support estafet\\",\\"attachment\\":\\"D:\\\\/xampp\\\\/htdocs\\\\/debitnote\\\\/uploads\\\\/ce_receipt\\\\/  0001-KAM-080724. _1.jpg\\"},{\\"id\\":2,\\"budgetDetail\\":\\"jalur rawan dan cuaca tidak menentu\\",\\"attachment\\":\\"D:\\\\/xampp\\\\/htdocs\\\\/debitnote\\\\/uploads\\\\/ce_receipt\\\\/  0001-KAM-080724. _2.jpg\\"},{\\"id\\":3,\\"budgetDetail\\":\\"membawa toolsbag = Rp 800.000\\",\\"attachment\\":\\"D:\\\\/xampp\\\\/htdocs\\\\/debitnote\\\\/uploads\\\\/ce_receipt\\\\/  0001-KAM-080724. _3.jpg\\"}]\', \' 800000\')', 0)
 2 SYSTEMPATH\Database\BaseConnection.php(693): CodeIgniter\Database\MySQLi\Connection->execute('INSERT INTO `report` (`debitnum`, `vendor`, `tanggal_pengajuan`, `nama_ce`, `lokasi_asal`, `lokasi_tujuan`, `so_number`, `wsid`, `service_type`, `zona_perdin`, `jarak_tempuh`, `perdin_type`, `periode_perdin`, `remarks`, `approved_by`, `tanggal_approval`, `budget_detail`, `budget_attachment`, `total_budget`) VALUES (\'0001-KAM-080724\', \'PT KINARYA ALIH DAYA MANDIRI\', \'2024-07-07 19:53:42\', \'Muhammad Tri Prijaya\', \'Denpasar \', \'Karang asem\', \'20240706097 20240708058 ( so number pm menyusul )\', \'ZZ1L HTC0025807 660142\', \'Pm cm inspec\', \'zona2 66\', \'1720406417_6dbad511373ac004223d.jpg\', \'Estafet\', \'08 Jul 2024 Sampai 08 Jul 2024\', \'Repair + inspect + preventif maintenance \', \'Hany Padli Will Aziz\', \'2024-07-08 13:12:04\', \' 2024-07-08: Rental mobil offline + sopir + BBM karena traveloka dan travel tidak support estafet, jalur rawan dan cuaca tidak menentu, membawa toolsbag = Rp 800.000\', \'[{\\"id\\":1,\\"budgetDetail\\":\\" 2024-07-08: Rental mobil offline + sopir + BBM karena traveloka dan travel tidak support estafet\\",\\"attachment\\":\\"D:\\\\/xampp\\\\/htdocs\\\\/debitnote\\\\/uploads\\\\/ce_receipt\\\\/  0001-KAM-080724. _1.jpg\\"},{\\"id\\":2,\\"budgetDetail\\":\\"jalur rawan dan cuaca tidak menentu\\",\\"attachment\\":\\"D:\\\\/xampp\\\\/htdocs\\\\/debitnote\\\\/uploads\\\\/ce_receipt\\\\/  0001-KAM-080724. _2.jpg\\"},{\\"id\\":3,\\"budgetDetail\\":\\"membawa toolsbag = Rp 800.000\\",\\"attachment\\":\\"D:\\\\/xampp\\\\/htdocs\\\\/debitnote\\\\/uploads\\\\/ce_receipt\\\\/  0001-KAM-080724. _3.jpg\\"}]\', \' 800000\')')
 3 SYSTEMPATH\Database\BaseConnection.php(620): CodeIgniter\Database\BaseConnection->simpleQuery('INSERT INTO `report` (`debitnum`, `vendor`, `tanggal_pengajuan`, `nama_ce`, `lokasi_asal`, `lokasi_tujuan`, `so_number`, `wsid`, `service_type`, `zona_perdin`, `jarak_tempuh`, `perdin_type`, `periode_perdin`, `remarks`, `approved_by`, `tanggal_approval`, `budget_detail`, `budget_attachment`, `total_budget`) VALUES (\'0001-KAM-080724\', \'PT KINARYA ALIH DAYA MANDIRI\', \'2024-07-07 19:53:42\', \'Muhammad Tri Prijaya\', \'Denpasar \', \'Karang asem\', \'20240706097 20240708058 ( so number pm menyusul )\', \'ZZ1L HTC0025807 660142\', \'Pm cm inspec\', \'zona2 66\', \'1720406417_6dbad511373ac004223d.jpg\', \'Estafet\', \'08 Jul 2024 Sampai 08 Jul 2024\', \'Repair + inspect + preventif maintenance \', \'Hany Padli Will Aziz\', \'2024-07-08 13:12:04\', \' 2024-07-08: Rental mobil offline + sopir + BBM karena traveloka dan travel tidak support estafet, jalur rawan dan cuaca tidak menentu, membawa toolsbag = Rp 800.000\', \'[{\\"id\\":1,\\"budgetDetail\\":\\" 2024-07-08: Rental mobil offline + sopir + BBM karena traveloka dan travel tidak support estafet\\",\\"attachment\\":\\"D:\\\\/xampp\\\\/htdocs\\\\/debitnote\\\\/uploads\\\\/ce_receipt\\\\/  0001-KAM-080724. _1.jpg\\"},{\\"id\\":2,\\"budgetDetail\\":\\"jalur rawan dan cuaca tidak menentu\\",\\"attachment\\":\\"D:\\\\/xampp\\\\/htdocs\\\\/debitnote\\\\/uploads\\\\/ce_receipt\\\\/  0001-KAM-080724. _2.jpg\\"},{\\"id\\":3,\\"budgetDetail\\":\\"membawa toolsbag = Rp 800.000\\",\\"attachment\\":\\"D:\\\\/xampp\\\\/htdocs\\\\/debitnote\\\\/uploads\\\\/ce_receipt\\\\/  0001-KAM-080724. _3.jpg\\"}]\', \' 800000\')')
 4 SYSTEMPATH\Database\BaseBuilder.php(1916): CodeIgniter\Database\BaseConnection->query('INSERT INTO `report` (`debitnum`, `vendor`, `tanggal_pengajuan`, `nama_ce`, `lokasi_asal`, `lokasi_tujuan`, `so_number`, `wsid`, `service_type`, `zona_perdin`, `jarak_tempuh`, `perdin_type`, `periode_perdin`, `remarks`, `approved_by`, `tanggal_approval`, `budget_detail`, `budget_attachment`, `total_budget`) VALUES (:debitnum:, :vendor:, :tanggal_pengajuan:, :nama_ce:, :lokasi_asal:, :lokasi_tujuan:, :so_number:, :wsid:, :service_type:, :zona_perdin:, :jarak_tempuh:, :perdin_type:, :periode_perdin:, :remarks:, :approved_by:, :tanggal_approval:, :budget_detail:, :budget_attachment:, :total_budget:)', [...], false)
 5 SYSTEMPATH\Model.php(279): CodeIgniter\Database\BaseBuilder->insert()
 6 SYSTEMPATH\BaseModel.php(748): CodeIgniter\Model->doInsert([...])
 7 SYSTEMPATH\Model.php(667): CodeIgniter\BaseModel->insert([...], true)
 8 APPPATH\Models\ReportModel.php(78): CodeIgniter\Model->insert([...])
 9 APPPATH\Controllers\Engineer_receipt.php(410): App\Models\ReportModel->submitReport('0001-KAM-080724', 'PT KINARYA ALIH DAYA MANDIRI', '2024-07-07 19:53:42', 'Muhammad Tri Prijaya', 'Denpasar ', 'Karang asem', '20240706097 20240708058 ( so number pm menyusul )', 'ZZ1L HTC0025807 660142', 'Pm cm inspec', 'zona2 66', '1720406417_6dbad511373ac004223d.jpg', 'Estafet', '08 Jul 2024 Sampai 08 Jul 2024', 'Repair + inspect + preventif maintenance ', 'Hany Padli Will Aziz', '2024-07-08 13:12:04', ' 2024-07-08: Rental mobil offline + sopir + BBM karena traveloka dan travel tidak support estafet, jalur rawan dan cuaca tidak menentu, membawa toolsbag = Rp 800.000', [...], ' 800000')
10 SYSTEMPATH\CodeIgniter.php(902): App\Controllers\Engineer_receipt->upload_receipts()
11 SYSTEMPATH\CodeIgniter.php(457): CodeIgniter\CodeIgniter->runController(Object(App\Controllers\Engineer_receipt))
12 SYSTEMPATH\CodeIgniter.php(340): CodeIgniter\CodeIgniter->handleRequest(null, Object(Config\Cache), false)
13 FCPATH\index.php(67): CodeIgniter\CodeIgniter->run()
ERROR - 2024-11-04 11:18:58 --> mysqli_sql_exception: CONSTRAINT `report.budget_detail` failed for `debitnote`.`report` in D:\xampp\htdocs\debitnote\system\Database\MySQLi\Connection.php:292
Stack trace:
#0 D:\xampp\htdocs\debitnote\system\Database\MySQLi\Connection.php(292): mysqli->query('INSERT INTO `re...', 0)
#1 D:\xampp\htdocs\debitnote\system\Database\BaseConnection.php(693): CodeIgniter\Database\MySQLi\Connection->execute('INSERT INTO `re...')
#2 D:\xampp\htdocs\debitnote\system\Database\BaseConnection.php(620): CodeIgniter\Database\BaseConnection->simpleQuery('INSERT INTO `re...')
#3 D:\xampp\htdocs\debitnote\system\Database\BaseBuilder.php(1916): CodeIgniter\Database\BaseConnection->query('INSERT INTO `re...', Array, false)
#4 D:\xampp\htdocs\debitnote\system\Model.php(279): CodeIgniter\Database\BaseBuilder->insert()
#5 D:\xampp\htdocs\debitnote\system\BaseModel.php(748): CodeIgniter\Model->doInsert(Array)
#6 D:\xampp\htdocs\debitnote\system\Model.php(667): CodeIgniter\BaseModel->insert(Array, true)
#7 D:\xampp\htdocs\debitnote\app\Models\ReportModel.php(78): CodeIgniter\Model->insert(Array)
#8 D:\xampp\htdocs\debitnote\app\Controllers\Engineer_receipt.php(411): App\Models\ReportModel->submitReport('0001-KAM-080724', 'PT KINARYA ALIH...', '2024-07-07 19:5...', 'Muhammad Tri Pr...', 'Denpasar ', 'Karang asem', '20240706097 202...', 'ZZ1L HTC0025807...', 'Pm cm inspec', 'zona2 66', '1720406417_6dba...', 'Estafet', '08 Jul 2024 Sam...', 'Repair + inspec...', 'Hany Padli Will...', '2024-07-08 13:1...', ' 2024-07-08: Re...', Array, ' 800000')
#9 D:\xampp\htdocs\debitnote\system\CodeIgniter.php(902): App\Controllers\Engineer_receipt->upload_receipts()
#10 D:\xampp\htdocs\debitnote\system\CodeIgniter.php(457): CodeIgniter\CodeIgniter->runController(Object(App\Controllers\Engineer_receipt))
#11 D:\xampp\htdocs\debitnote\system\CodeIgniter.php(340): CodeIgniter\CodeIgniter->handleRequest(NULL, Object(Config\Cache), false)
#12 D:\xampp\htdocs\debitnote\index.php(67): CodeIgniter\CodeIgniter->run()
#13 {main}
CRITICAL - 2024-11-04 11:18:58 --> CONSTRAINT `report.budget_detail` failed for `debitnote`.`report`
in SYSTEMPATH\Database\MySQLi\Connection.php on line 292.
 1 SYSTEMPATH\Database\MySQLi\Connection.php(292): mysqli->query('INSERT INTO `report` (`debitnum`, `vendor`, `tanggal_pengajuan`, `nama_ce`, `lokasi_asal`, `lokasi_tujuan`, `so_number`, `wsid`, `service_type`, `zona_perdin`, `jarak_tempuh`, `perdin_type`, `periode_perdin`, `remarks`, `approved_by`, `tanggal_approval`, `budget_detail`, `budget_attachment`, `total_budget`) VALUES (\'0001-KAM-080724\', \'PT KINARYA ALIH DAYA MANDIRI\', \'2024-07-07 19:53:42\', \'Muhammad Tri Prijaya\', \'Denpasar \', \'Karang asem\', \'20240706097 20240708058 ( so number pm menyusul )\', \'ZZ1L HTC0025807 660142\', \'Pm cm inspec\', \'zona2 66\', \'1720406417_6dbad511373ac004223d.jpg\', \'Estafet\', \'08 Jul 2024 Sampai 08 Jul 2024\', \'Repair + inspect + preventif maintenance \', \'Hany Padli Will Aziz\', \'2024-07-08 13:12:04\', \' 2024-07-08: Rental mobil offline + sopir + BBM karena traveloka dan travel tidak support estafet, jalur rawan dan cuaca tidak menentu, membawa toolsbag = Rp 800.000\', \'[{\\"id\\":1,\\"budgetDetail\\":\\" 2024-07-08: Rental mobil offline + sopir + BBM karena traveloka dan travel tidak support estafet\\",\\"attachment\\":\\"D:\\\\/xampp\\\\/htdocs\\\\/debitnote\\\\/uploads\\\\/ce_receipt\\\\/  0001-KAM-080724. _1.jpg\\"},{\\"id\\":2,\\"budgetDetail\\":\\"jalur rawan dan cuaca tidak menentu\\",\\"attachment\\":\\"D:\\\\/xampp\\\\/htdocs\\\\/debitnote\\\\/uploads\\\\/ce_receipt\\\\/  0001-KAM-080724. _2.jpg\\"},{\\"id\\":3,\\"budgetDetail\\":\\"membawa toolsbag = Rp 800.000\\",\\"attachment\\":\\"D:\\\\/xampp\\\\/htdocs\\\\/debitnote\\\\/uploads\\\\/ce_receipt\\\\/  0001-KAM-080724. _3.jpg\\"}]\', \' 800000\')', 0)
 2 SYSTEMPATH\Database\BaseConnection.php(693): CodeIgniter\Database\MySQLi\Connection->execute('INSERT INTO `report` (`debitnum`, `vendor`, `tanggal_pengajuan`, `nama_ce`, `lokasi_asal`, `lokasi_tujuan`, `so_number`, `wsid`, `service_type`, `zona_perdin`, `jarak_tempuh`, `perdin_type`, `periode_perdin`, `remarks`, `approved_by`, `tanggal_approval`, `budget_detail`, `budget_attachment`, `total_budget`) VALUES (\'0001-KAM-080724\', \'PT KINARYA ALIH DAYA MANDIRI\', \'2024-07-07 19:53:42\', \'Muhammad Tri Prijaya\', \'Denpasar \', \'Karang asem\', \'20240706097 20240708058 ( so number pm menyusul )\', \'ZZ1L HTC0025807 660142\', \'Pm cm inspec\', \'zona2 66\', \'1720406417_6dbad511373ac004223d.jpg\', \'Estafet\', \'08 Jul 2024 Sampai 08 Jul 2024\', \'Repair + inspect + preventif maintenance \', \'Hany Padli Will Aziz\', \'2024-07-08 13:12:04\', \' 2024-07-08: Rental mobil offline + sopir + BBM karena traveloka dan travel tidak support estafet, jalur rawan dan cuaca tidak menentu, membawa toolsbag = Rp 800.000\', \'[{\\"id\\":1,\\"budgetDetail\\":\\" 2024-07-08: Rental mobil offline + sopir + BBM karena traveloka dan travel tidak support estafet\\",\\"attachment\\":\\"D:\\\\/xampp\\\\/htdocs\\\\/debitnote\\\\/uploads\\\\/ce_receipt\\\\/  0001-KAM-080724. _1.jpg\\"},{\\"id\\":2,\\"budgetDetail\\":\\"jalur rawan dan cuaca tidak menentu\\",\\"attachment\\":\\"D:\\\\/xampp\\\\/htdocs\\\\/debitnote\\\\/uploads\\\\/ce_receipt\\\\/  0001-KAM-080724. _2.jpg\\"},{\\"id\\":3,\\"budgetDetail\\":\\"membawa toolsbag = Rp 800.000\\",\\"attachment\\":\\"D:\\\\/xampp\\\\/htdocs\\\\/debitnote\\\\/uploads\\\\/ce_receipt\\\\/  0001-KAM-080724. _3.jpg\\"}]\', \' 800000\')')
 3 SYSTEMPATH\Database\BaseConnection.php(620): CodeIgniter\Database\BaseConnection->simpleQuery('INSERT INTO `report` (`debitnum`, `vendor`, `tanggal_pengajuan`, `nama_ce`, `lokasi_asal`, `lokasi_tujuan`, `so_number`, `wsid`, `service_type`, `zona_perdin`, `jarak_tempuh`, `perdin_type`, `periode_perdin`, `remarks`, `approved_by`, `tanggal_approval`, `budget_detail`, `budget_attachment`, `total_budget`) VALUES (\'0001-KAM-080724\', \'PT KINARYA ALIH DAYA MANDIRI\', \'2024-07-07 19:53:42\', \'Muhammad Tri Prijaya\', \'Denpasar \', \'Karang asem\', \'20240706097 20240708058 ( so number pm menyusul )\', \'ZZ1L HTC0025807 660142\', \'Pm cm inspec\', \'zona2 66\', \'1720406417_6dbad511373ac004223d.jpg\', \'Estafet\', \'08 Jul 2024 Sampai 08 Jul 2024\', \'Repair + inspect + preventif maintenance \', \'Hany Padli Will Aziz\', \'2024-07-08 13:12:04\', \' 2024-07-08: Rental mobil offline + sopir + BBM karena traveloka dan travel tidak support estafet, jalur rawan dan cuaca tidak menentu, membawa toolsbag = Rp 800.000\', \'[{\\"id\\":1,\\"budgetDetail\\":\\" 2024-07-08: Rental mobil offline + sopir + BBM karena traveloka dan travel tidak support estafet\\",\\"attachment\\":\\"D:\\\\/xampp\\\\/htdocs\\\\/debitnote\\\\/uploads\\\\/ce_receipt\\\\/  0001-KAM-080724. _1.jpg\\"},{\\"id\\":2,\\"budgetDetail\\":\\"jalur rawan dan cuaca tidak menentu\\",\\"attachment\\":\\"D:\\\\/xampp\\\\/htdocs\\\\/debitnote\\\\/uploads\\\\/ce_receipt\\\\/  0001-KAM-080724. _2.jpg\\"},{\\"id\\":3,\\"budgetDetail\\":\\"membawa toolsbag = Rp 800.000\\",\\"attachment\\":\\"D:\\\\/xampp\\\\/htdocs\\\\/debitnote\\\\/uploads\\\\/ce_receipt\\\\/  0001-KAM-080724. _3.jpg\\"}]\', \' 800000\')')
 4 SYSTEMPATH\Database\BaseBuilder.php(1916): CodeIgniter\Database\BaseConnection->query('INSERT INTO `report` (`debitnum`, `vendor`, `tanggal_pengajuan`, `nama_ce`, `lokasi_asal`, `lokasi_tujuan`, `so_number`, `wsid`, `service_type`, `zona_perdin`, `jarak_tempuh`, `perdin_type`, `periode_perdin`, `remarks`, `approved_by`, `tanggal_approval`, `budget_detail`, `budget_attachment`, `total_budget`) VALUES (:debitnum:, :vendor:, :tanggal_pengajuan:, :nama_ce:, :lokasi_asal:, :lokasi_tujuan:, :so_number:, :wsid:, :service_type:, :zona_perdin:, :jarak_tempuh:, :perdin_type:, :periode_perdin:, :remarks:, :approved_by:, :tanggal_approval:, :budget_detail:, :budget_attachment:, :total_budget:)', [...], false)
 5 SYSTEMPATH\Model.php(279): CodeIgniter\Database\BaseBuilder->insert()
 6 SYSTEMPATH\BaseModel.php(748): CodeIgniter\Model->doInsert([...])
 7 SYSTEMPATH\Model.php(667): CodeIgniter\BaseModel->insert([...], true)
 8 APPPATH\Models\ReportModel.php(78): CodeIgniter\Model->insert([...])
 9 APPPATH\Controllers\Engineer_receipt.php(411): App\Models\ReportModel->submitReport('0001-KAM-080724', 'PT KINARYA ALIH DAYA MANDIRI', '2024-07-07 19:53:42', 'Muhammad Tri Prijaya', 'Denpasar ', 'Karang asem', '20240706097 20240708058 ( so number pm menyusul )', 'ZZ1L HTC0025807 660142', 'Pm cm inspec', 'zona2 66', '1720406417_6dbad511373ac004223d.jpg', 'Estafet', '08 Jul 2024 Sampai 08 Jul 2024', 'Repair + inspect + preventif maintenance ', 'Hany Padli Will Aziz', '2024-07-08 13:12:04', ' 2024-07-08: Rental mobil offline + sopir + BBM karena traveloka dan travel tidak support estafet, jalur rawan dan cuaca tidak menentu, membawa toolsbag = Rp 800.000', [...], ' 800000')
10 SYSTEMPATH\CodeIgniter.php(902): App\Controllers\Engineer_receipt->upload_receipts()
11 SYSTEMPATH\CodeIgniter.php(457): CodeIgniter\CodeIgniter->runController(Object(App\Controllers\Engineer_receipt))
12 SYSTEMPATH\CodeIgniter.php(340): CodeIgniter\CodeIgniter->handleRequest(null, Object(Config\Cache), false)
13 FCPATH\index.php(67): CodeIgniter\CodeIgniter->run()
ERROR - 2024-11-04 11:21:31 --> mysqli_sql_exception: CONSTRAINT `report.budget_detail` failed for `debitnote`.`report` in D:\xampp\htdocs\debitnote\system\Database\MySQLi\Connection.php:292
Stack trace:
#0 D:\xampp\htdocs\debitnote\system\Database\MySQLi\Connection.php(292): mysqli->query('INSERT INTO `re...', 0)
#1 D:\xampp\htdocs\debitnote\system\Database\BaseConnection.php(693): CodeIgniter\Database\MySQLi\Connection->execute('INSERT INTO `re...')
#2 D:\xampp\htdocs\debitnote\system\Database\BaseConnection.php(620): CodeIgniter\Database\BaseConnection->simpleQuery('INSERT INTO `re...')
#3 D:\xampp\htdocs\debitnote\system\Database\BaseBuilder.php(1916): CodeIgniter\Database\BaseConnection->query('INSERT INTO `re...', Array, false)
#4 D:\xampp\htdocs\debitnote\system\Model.php(279): CodeIgniter\Database\BaseBuilder->insert()
#5 D:\xampp\htdocs\debitnote\system\BaseModel.php(748): CodeIgniter\Model->doInsert(Array)
#6 D:\xampp\htdocs\debitnote\system\Model.php(667): CodeIgniter\BaseModel->insert(Array, true)
#7 D:\xampp\htdocs\debitnote\app\Models\ReportModel.php(78): CodeIgniter\Model->insert(Array)
#8 D:\xampp\htdocs\debitnote\app\Controllers\Engineer_receipt.php(411): App\Models\ReportModel->submitReport('0001-KAM-080724', 'PT KINARYA ALIH...', '2024-07-07 19:5...', 'Muhammad Tri Pr...', 'Denpasar ', 'Karang asem', '20240706097 202...', 'ZZ1L HTC0025807...', 'Pm cm inspec', 'zona2 66', '1720406417_6dba...', 'Estafet', '08 Jul 2024 Sam...', 'Repair + inspec...', 'Hany Padli Will...', '2024-07-08 13:1...', ' 2024-07-08: Re...', Array, ' 800000')
#9 D:\xampp\htdocs\debitnote\system\CodeIgniter.php(902): App\Controllers\Engineer_receipt->upload_receipts()
#10 D:\xampp\htdocs\debitnote\system\CodeIgniter.php(457): CodeIgniter\CodeIgniter->runController(Object(App\Controllers\Engineer_receipt))
#11 D:\xampp\htdocs\debitnote\system\CodeIgniter.php(340): CodeIgniter\CodeIgniter->handleRequest(NULL, Object(Config\Cache), false)
#12 D:\xampp\htdocs\debitnote\index.php(67): CodeIgniter\CodeIgniter->run()
#13 {main}
CRITICAL - 2024-11-04 11:21:31 --> CONSTRAINT `report.budget_detail` failed for `debitnote`.`report`
in SYSTEMPATH\Database\MySQLi\Connection.php on line 292.
 1 SYSTEMPATH\Database\MySQLi\Connection.php(292): mysqli->query('INSERT INTO `report` (`debitnum`, `vendor`, `tanggal_pengajuan`, `nama_ce`, `lokasi_asal`, `lokasi_tujuan`, `so_number`, `wsid`, `service_type`, `zona_perdin`, `jarak_tempuh`, `perdin_type`, `periode_perdin`, `remarks`, `approved_by`, `tanggal_approval`, `budget_detail`, `budget_attachment`, `total_budget`) VALUES (\'0001-KAM-080724\', \'PT KINARYA ALIH DAYA MANDIRI\', \'2024-07-07 19:53:42\', \'Muhammad Tri Prijaya\', \'Denpasar \', \'Karang asem\', \'20240706097 20240708058 ( so number pm menyusul )\', \'ZZ1L HTC0025807 660142\', \'Pm cm inspec\', \'zona2 66\', \'1720406417_6dbad511373ac004223d.jpg\', \'Estafet\', \'08 Jul 2024 Sampai 08 Jul 2024\', \'Repair + inspect + preventif maintenance \', \'Hany Padli Will Aziz\', \'2024-07-08 13:12:04\', \' 2024-07-08: Rental mobil offline + sopir + BBM karena traveloka dan travel tidak support estafet, jalur rawan dan cuaca tidak menentu, membawa toolsbag = Rp 800.000\', \'[{\\"id\\":1,\\"budgetDetail\\":\\" 2024-07-08: Rental mobil offline + sopir + BBM karena traveloka dan travel tidak support estafet\\",\\"attachment\\":\\"D:\\\\/xampp\\\\/htdocs\\\\/debitnote\\\\/uploads\\\\/ce_receipt\\\\/  0001-KAM-080724. _1.jpg\\"},{\\"id\\":2,\\"budgetDetail\\":\\"jalur rawan dan cuaca tidak menentu\\",\\"attachment\\":\\"D:\\\\/xampp\\\\/htdocs\\\\/debitnote\\\\/uploads\\\\/ce_receipt\\\\/  0001-KAM-080724. _2.jpg\\"},{\\"id\\":3,\\"budgetDetail\\":\\"membawa toolsbag = Rp 800.000\\",\\"attachment\\":\\"D:\\\\/xampp\\\\/htdocs\\\\/debitnote\\\\/uploads\\\\/ce_receipt\\\\/  0001-KAM-080724. _3.jpg\\"}]\', \' 800000\')', 0)
 2 SYSTEMPATH\Database\BaseConnection.php(693): CodeIgniter\Database\MySQLi\Connection->execute('INSERT INTO `report` (`debitnum`, `vendor`, `tanggal_pengajuan`, `nama_ce`, `lokasi_asal`, `lokasi_tujuan`, `so_number`, `wsid`, `service_type`, `zona_perdin`, `jarak_tempuh`, `perdin_type`, `periode_perdin`, `remarks`, `approved_by`, `tanggal_approval`, `budget_detail`, `budget_attachment`, `total_budget`) VALUES (\'0001-KAM-080724\', \'PT KINARYA ALIH DAYA MANDIRI\', \'2024-07-07 19:53:42\', \'Muhammad Tri Prijaya\', \'Denpasar \', \'Karang asem\', \'20240706097 20240708058 ( so number pm menyusul )\', \'ZZ1L HTC0025807 660142\', \'Pm cm inspec\', \'zona2 66\', \'1720406417_6dbad511373ac004223d.jpg\', \'Estafet\', \'08 Jul 2024 Sampai 08 Jul 2024\', \'Repair + inspect + preventif maintenance \', \'Hany Padli Will Aziz\', \'2024-07-08 13:12:04\', \' 2024-07-08: Rental mobil offline + sopir + BBM karena traveloka dan travel tidak support estafet, jalur rawan dan cuaca tidak menentu, membawa toolsbag = Rp 800.000\', \'[{\\"id\\":1,\\"budgetDetail\\":\\" 2024-07-08: Rental mobil offline + sopir + BBM karena traveloka dan travel tidak support estafet\\",\\"attachment\\":\\"D:\\\\/xampp\\\\/htdocs\\\\/debitnote\\\\/uploads\\\\/ce_receipt\\\\/  0001-KAM-080724. _1.jpg\\"},{\\"id\\":2,\\"budgetDetail\\":\\"jalur rawan dan cuaca tidak menentu\\",\\"attachment\\":\\"D:\\\\/xampp\\\\/htdocs\\\\/debitnote\\\\/uploads\\\\/ce_receipt\\\\/  0001-KAM-080724. _2.jpg\\"},{\\"id\\":3,\\"budgetDetail\\":\\"membawa toolsbag = Rp 800.000\\",\\"attachment\\":\\"D:\\\\/xampp\\\\/htdocs\\\\/debitnote\\\\/uploads\\\\/ce_receipt\\\\/  0001-KAM-080724. _3.jpg\\"}]\', \' 800000\')')
 3 SYSTEMPATH\Database\BaseConnection.php(620): CodeIgniter\Database\BaseConnection->simpleQuery('INSERT INTO `report` (`debitnum`, `vendor`, `tanggal_pengajuan`, `nama_ce`, `lokasi_asal`, `lokasi_tujuan`, `so_number`, `wsid`, `service_type`, `zona_perdin`, `jarak_tempuh`, `perdin_type`, `periode_perdin`, `remarks`, `approved_by`, `tanggal_approval`, `budget_detail`, `budget_attachment`, `total_budget`) VALUES (\'0001-KAM-080724\', \'PT KINARYA ALIH DAYA MANDIRI\', \'2024-07-07 19:53:42\', \'Muhammad Tri Prijaya\', \'Denpasar \', \'Karang asem\', \'20240706097 20240708058 ( so number pm menyusul )\', \'ZZ1L HTC0025807 660142\', \'Pm cm inspec\', \'zona2 66\', \'1720406417_6dbad511373ac004223d.jpg\', \'Estafet\', \'08 Jul 2024 Sampai 08 Jul 2024\', \'Repair + inspect + preventif maintenance \', \'Hany Padli Will Aziz\', \'2024-07-08 13:12:04\', \' 2024-07-08: Rental mobil offline + sopir + BBM karena traveloka dan travel tidak support estafet, jalur rawan dan cuaca tidak menentu, membawa toolsbag = Rp 800.000\', \'[{\\"id\\":1,\\"budgetDetail\\":\\" 2024-07-08: Rental mobil offline + sopir + BBM karena traveloka dan travel tidak support estafet\\",\\"attachment\\":\\"D:\\\\/xampp\\\\/htdocs\\\\/debitnote\\\\/uploads\\\\/ce_receipt\\\\/  0001-KAM-080724. _1.jpg\\"},{\\"id\\":2,\\"budgetDetail\\":\\"jalur rawan dan cuaca tidak menentu\\",\\"attachment\\":\\"D:\\\\/xampp\\\\/htdocs\\\\/debitnote\\\\/uploads\\\\/ce_receipt\\\\/  0001-KAM-080724. _2.jpg\\"},{\\"id\\":3,\\"budgetDetail\\":\\"membawa toolsbag = Rp 800.000\\",\\"attachment\\":\\"D:\\\\/xampp\\\\/htdocs\\\\/debitnote\\\\/uploads\\\\/ce_receipt\\\\/  0001-KAM-080724. _3.jpg\\"}]\', \' 800000\')')
 4 SYSTEMPATH\Database\BaseBuilder.php(1916): CodeIgniter\Database\BaseConnection->query('INSERT INTO `report` (`debitnum`, `vendor`, `tanggal_pengajuan`, `nama_ce`, `lokasi_asal`, `lokasi_tujuan`, `so_number`, `wsid`, `service_type`, `zona_perdin`, `jarak_tempuh`, `perdin_type`, `periode_perdin`, `remarks`, `approved_by`, `tanggal_approval`, `budget_detail`, `budget_attachment`, `total_budget`) VALUES (:debitnum:, :vendor:, :tanggal_pengajuan:, :nama_ce:, :lokasi_asal:, :lokasi_tujuan:, :so_number:, :wsid:, :service_type:, :zona_perdin:, :jarak_tempuh:, :perdin_type:, :periode_perdin:, :remarks:, :approved_by:, :tanggal_approval:, :budget_detail:, :budget_attachment:, :total_budget:)', [...], false)
 5 SYSTEMPATH\Model.php(279): CodeIgniter\Database\BaseBuilder->insert()
 6 SYSTEMPATH\BaseModel.php(748): CodeIgniter\Model->doInsert([...])
 7 SYSTEMPATH\Model.php(667): CodeIgniter\BaseModel->insert([...], true)
 8 APPPATH\Models\ReportModel.php(78): CodeIgniter\Model->insert([...])
 9 APPPATH\Controllers\Engineer_receipt.php(411): App\Models\ReportModel->submitReport('0001-KAM-080724', 'PT KINARYA ALIH DAYA MANDIRI', '2024-07-07 19:53:42', 'Muhammad Tri Prijaya', 'Denpasar ', 'Karang asem', '20240706097 20240708058 ( so number pm menyusul )', 'ZZ1L HTC0025807 660142', 'Pm cm inspec', 'zona2 66', '1720406417_6dbad511373ac004223d.jpg', 'Estafet', '08 Jul 2024 Sampai 08 Jul 2024', 'Repair + inspect + preventif maintenance ', 'Hany Padli Will Aziz', '2024-07-08 13:12:04', ' 2024-07-08: Rental mobil offline + sopir + BBM karena traveloka dan travel tidak support estafet, jalur rawan dan cuaca tidak menentu, membawa toolsbag = Rp 800.000', [...], ' 800000')
10 SYSTEMPATH\CodeIgniter.php(902): App\Controllers\Engineer_receipt->upload_receipts()
11 SYSTEMPATH\CodeIgniter.php(457): CodeIgniter\CodeIgniter->runController(Object(App\Controllers\Engineer_receipt))
12 SYSTEMPATH\CodeIgniter.php(340): CodeIgniter\CodeIgniter->handleRequest(null, Object(Config\Cache), false)
13 FCPATH\index.php(67): CodeIgniter\CodeIgniter->run()
ERROR - 2024-11-04 13:13:24 --> mysqli_sql_exception: Unknown column 'debitnote' in 'where clause' in D:\xampp\htdocs\debitnote\system\Database\MySQLi\Connection.php:292
Stack trace:
#0 D:\xampp\htdocs\debitnote\system\Database\MySQLi\Connection.php(292): mysqli->query('SELECT *\nFROM `...', 0)
#1 D:\xampp\htdocs\debitnote\system\Database\BaseConnection.php(693): CodeIgniter\Database\MySQLi\Connection->execute('SELECT *\nFROM `...')
#2 D:\xampp\htdocs\debitnote\system\Database\BaseConnection.php(620): CodeIgniter\Database\BaseConnection->simpleQuery('SELECT *\nFROM `...')
#3 D:\xampp\htdocs\debitnote\system\Database\BaseBuilder.php(1585): CodeIgniter\Database\BaseConnection->query('SELECT *\nFROM `...', Array, false)
#4 D:\xampp\htdocs\debitnote\system\Model.php(223): CodeIgniter\Database\BaseBuilder->get()
#5 D:\xampp\htdocs\debitnote\system\BaseModel.php(584): CodeIgniter\Model->doFindAll(0, 0)
#6 D:\xampp\htdocs\debitnote\app\Controllers\Detail_report.php(39): CodeIgniter\BaseModel->findAll()
#7 D:\xampp\htdocs\debitnote\system\CodeIgniter.php(902): App\Controllers\Detail_report->index()
#8 D:\xampp\htdocs\debitnote\system\CodeIgniter.php(457): CodeIgniter\CodeIgniter->runController(Object(App\Controllers\Detail_report))
#9 D:\xampp\htdocs\debitnote\system\CodeIgniter.php(340): CodeIgniter\CodeIgniter->handleRequest(NULL, Object(Config\Cache), false)
#10 D:\xampp\htdocs\debitnote\index.php(67): CodeIgniter\CodeIgniter->run()
#11 {main}
CRITICAL - 2024-11-04 13:13:24 --> Unknown column 'debitnote' in 'where clause'
in SYSTEMPATH\Database\MySQLi\Connection.php on line 292.
 1 SYSTEMPATH\Database\MySQLi\Connection.php(292): mysqli->query('SELECT *
FROM `report`
WHERE `debitnote` IS NULL', 0)
 2 SYSTEMPATH\Database\BaseConnection.php(693): CodeIgniter\Database\MySQLi\Connection->execute('SELECT *
FROM `report`
WHERE `debitnote` IS NULL')
 3 SYSTEMPATH\Database\BaseConnection.php(620): CodeIgniter\Database\BaseConnection->simpleQuery('SELECT *
FROM `report`
WHERE `debitnote` IS NULL')
 4 SYSTEMPATH\Database\BaseBuilder.php(1585): CodeIgniter\Database\BaseConnection->query('SELECT *
FROM `report`
WHERE `debitnote` IS NULL', [], false)
 5 SYSTEMPATH\Model.php(223): CodeIgniter\Database\BaseBuilder->get()
 6 SYSTEMPATH\BaseModel.php(584): CodeIgniter\Model->doFindAll(0, 0)
 7 APPPATH\Controllers\Detail_report.php(39): CodeIgniter\BaseModel->findAll()
 8 SYSTEMPATH\CodeIgniter.php(902): App\Controllers\Detail_report->index()
 9 SYSTEMPATH\CodeIgniter.php(457): CodeIgniter\CodeIgniter->runController(Object(App\Controllers\Detail_report))
10 SYSTEMPATH\CodeIgniter.php(340): CodeIgniter\CodeIgniter->handleRequest(null, Object(Config\Cache), false)
11 FCPATH\index.php(67): CodeIgniter\CodeIgniter->run()
CRITICAL - 2024-11-04 13:13:33 --> Undefined variable $receipts
in APPPATH\Controllers\Detail_report.php on line 229.
 1 APPPATH\Controllers\Detail_report.php(229): CodeIgniter\Debug\Exceptions->errorHandler(2, 'Undefined variable $receipts', 'APPPATH\\Controllers\\Detail_report.php', 229)
 2 SYSTEMPATH\CodeIgniter.php(902): App\Controllers\Detail_report->index()
 3 SYSTEMPATH\CodeIgniter.php(457): CodeIgniter\CodeIgniter->runController(Object(App\Controllers\Detail_report))
 4 SYSTEMPATH\CodeIgniter.php(340): CodeIgniter\CodeIgniter->handleRequest(null, Object(Config\Cache), false)
 5 FCPATH\index.php(67): CodeIgniter\CodeIgniter->run()
CRITICAL - 2024-11-04 13:13:47 --> Undefined variable $receipts
in APPPATH\Controllers\Detail_report.php on line 229.
 1 APPPATH\Controllers\Detail_report.php(229): CodeIgniter\Debug\Exceptions->errorHandler(2, 'Undefined variable $receipts', 'APPPATH\\Controllers\\Detail_report.php', 229)
 2 SYSTEMPATH\CodeIgniter.php(902): App\Controllers\Detail_report->index()
 3 SYSTEMPATH\CodeIgniter.php(457): CodeIgniter\CodeIgniter->runController(Object(App\Controllers\Detail_report))
 4 SYSTEMPATH\CodeIgniter.php(340): CodeIgniter\CodeIgniter->handleRequest(null, Object(Config\Cache), false)
 5 FCPATH\index.php(67): CodeIgniter\CodeIgniter->run()
CRITICAL - 2024-11-04 13:14:06 --> Undefined variable $budgetDetailArray
in APPPATH\Controllers\Detail_report.php on line 282.
 1 APPPATH\Controllers\Detail_report.php(282): CodeIgniter\Debug\Exceptions->errorHandler(2, 'Undefined variable $budgetDetailArray', 'APPPATH\\Controllers\\Detail_report.php', 282)
 2 SYSTEMPATH\CodeIgniter.php(902): App\Controllers\Detail_report->index()
 3 SYSTEMPATH\CodeIgniter.php(457): CodeIgniter\CodeIgniter->runController(Object(App\Controllers\Detail_report))
 4 SYSTEMPATH\CodeIgniter.php(340): CodeIgniter\CodeIgniter->handleRequest(null, Object(Config\Cache), false)
 5 FCPATH\index.php(67): CodeIgniter\CodeIgniter->run()
CRITICAL - 2024-11-04 13:14:48 --> Undefined variable $receipts
in APPPATH\Controllers\Detail_report.php on line 229.
 1 APPPATH\Controllers\Detail_report.php(229): CodeIgniter\Debug\Exceptions->errorHandler(2, 'Undefined variable $receipts', 'APPPATH\\Controllers\\Detail_report.php', 229)
 2 SYSTEMPATH\CodeIgniter.php(902): App\Controllers\Detail_report->index()
 3 SYSTEMPATH\CodeIgniter.php(457): CodeIgniter\CodeIgniter->runController(Object(App\Controllers\Detail_report))
 4 SYSTEMPATH\CodeIgniter.php(340): CodeIgniter\CodeIgniter->handleRequest(null, Object(Config\Cache), false)
 5 FCPATH\index.php(67): CodeIgniter\CodeIgniter->run()
CRITICAL - 2024-11-04 13:14:53 --> Undefined variable $receipts
in APPPATH\Controllers\Detail_report.php on line 229.
 1 APPPATH\Controllers\Detail_report.php(229): CodeIgniter\Debug\Exceptions->errorHandler(2, 'Undefined variable $receipts', 'APPPATH\\Controllers\\Detail_report.php', 229)
 2 SYSTEMPATH\CodeIgniter.php(902): App\Controllers\Detail_report->index()
 3 SYSTEMPATH\CodeIgniter.php(457): CodeIgniter\CodeIgniter->runController(Object(App\Controllers\Detail_report))
 4 SYSTEMPATH\CodeIgniter.php(340): CodeIgniter\CodeIgniter->handleRequest(null, Object(Config\Cache), false)
 5 FCPATH\index.php(67): CodeIgniter\CodeIgniter->run()
CRITICAL - 2024-11-04 13:15:10 --> Undefined array key "last_update"
in APPPATH\Controllers\Detail_report.php on line 69.
 1 APPPATH\Controllers\Detail_report.php(69): CodeIgniter\Debug\Exceptions->errorHandler(2, 'Undefined array key "last_update"', 'APPPATH\\Controllers\\Detail_report.php', 69)
 2 SYSTEMPATH\CodeIgniter.php(902): App\Controllers\Detail_report->index()
 3 SYSTEMPATH\CodeIgniter.php(457): CodeIgniter\CodeIgniter->runController(Object(App\Controllers\Detail_report))
 4 SYSTEMPATH\CodeIgniter.php(340): CodeIgniter\CodeIgniter->handleRequest(null, Object(Config\Cache), false)
 5 FCPATH\index.php(67): CodeIgniter\CodeIgniter->run()
CRITICAL - 2024-11-04 13:16:26 --> Undefined array key "last_update"
in APPPATH\Controllers\Detail_report.php on line 69.
 1 APPPATH\Controllers\Detail_report.php(69): CodeIgniter\Debug\Exceptions->errorHandler(2, 'Undefined array key "last_update"', 'APPPATH\\Controllers\\Detail_report.php', 69)
 2 SYSTEMPATH\CodeIgniter.php(902): App\Controllers\Detail_report->index()
 3 SYSTEMPATH\CodeIgniter.php(457): CodeIgniter\CodeIgniter->runController(Object(App\Controllers\Detail_report))
 4 SYSTEMPATH\CodeIgniter.php(340): CodeIgniter\CodeIgniter->handleRequest(null, Object(Config\Cache), false)
 5 FCPATH\index.php(67): CodeIgniter\CodeIgniter->run()
CRITICAL - 2024-11-04 13:16:39 --> Undefined array key "budget_est"
in APPPATH\Controllers\Detail_report.php on line 75.
 1 APPPATH\Controllers\Detail_report.php(75): CodeIgniter\Debug\Exceptions->errorHandler(2, 'Undefined array key "budget_est"', 'APPPATH\\Controllers\\Detail_report.php', 75)
 2 SYSTEMPATH\CodeIgniter.php(902): App\Controllers\Detail_report->index()
 3 SYSTEMPATH\CodeIgniter.php(457): CodeIgniter\CodeIgniter->runController(Object(App\Controllers\Detail_report))
 4 SYSTEMPATH\CodeIgniter.php(340): CodeIgniter\CodeIgniter->handleRequest(null, Object(Config\Cache), false)
 5 FCPATH\index.php(67): CodeIgniter\CodeIgniter->run()
CRITICAL - 2024-11-04 13:16:51 --> Undefined array key "budget_est"
in APPPATH\Controllers\Detail_report.php on line 75.
 1 APPPATH\Controllers\Detail_report.php(75): CodeIgniter\Debug\Exceptions->errorHandler(2, 'Undefined array key "budget_est"', 'APPPATH\\Controllers\\Detail_report.php', 75)
 2 SYSTEMPATH\CodeIgniter.php(902): App\Controllers\Detail_report->index()
 3 SYSTEMPATH\CodeIgniter.php(457): CodeIgniter\CodeIgniter->runController(Object(App\Controllers\Detail_report))
 4 SYSTEMPATH\CodeIgniter.php(340): CodeIgniter\CodeIgniter->handleRequest(null, Object(Config\Cache), false)
 5 FCPATH\index.php(67): CodeIgniter\CodeIgniter->run()
CRITICAL - 2024-11-04 13:16:58 --> Undefined array key "budget_est"
in APPPATH\Controllers\Detail_report.php on line 75.
 1 APPPATH\Controllers\Detail_report.php(75): CodeIgniter\Debug\Exceptions->errorHandler(2, 'Undefined array key "budget_est"', 'APPPATH\\Controllers\\Detail_report.php', 75)
 2 SYSTEMPATH\CodeIgniter.php(902): App\Controllers\Detail_report->index()
 3 SYSTEMPATH\CodeIgniter.php(457): CodeIgniter\CodeIgniter->runController(Object(App\Controllers\Detail_report))
 4 SYSTEMPATH\CodeIgniter.php(340): CodeIgniter\CodeIgniter->handleRequest(null, Object(Config\Cache), false)
 5 FCPATH\index.php(67): CodeIgniter\CodeIgniter->run()
CRITICAL - 2024-11-04 13:17:01 --> Undefined array key "budget_est"
in APPPATH\Controllers\Detail_report.php on line 75.
 1 APPPATH\Controllers\Detail_report.php(75): CodeIgniter\Debug\Exceptions->errorHandler(2, 'Undefined array key "budget_est"', 'APPPATH\\Controllers\\Detail_report.php', 75)
 2 SYSTEMPATH\CodeIgniter.php(902): App\Controllers\Detail_report->index()
 3 SYSTEMPATH\CodeIgniter.php(457): CodeIgniter\CodeIgniter->runController(Object(App\Controllers\Detail_report))
 4 SYSTEMPATH\CodeIgniter.php(340): CodeIgniter\CodeIgniter->handleRequest(null, Object(Config\Cache), false)
 5 FCPATH\index.php(67): CodeIgniter\CodeIgniter->run()
CRITICAL - 2024-11-04 13:17:20 --> Undefined array key "debitnote"
in APPPATH\Controllers\Detail_report.php on line 158.
 1 APPPATH\Controllers\Detail_report.php(158): CodeIgniter\Debug\Exceptions->errorHandler(2, 'Undefined array key "debitnote"', 'APPPATH\\Controllers\\Detail_report.php', 158)
 2 SYSTEMPATH\CodeIgniter.php(902): App\Controllers\Detail_report->index()
 3 SYSTEMPATH\CodeIgniter.php(457): CodeIgniter\CodeIgniter->runController(Object(App\Controllers\Detail_report))
 4 SYSTEMPATH\CodeIgniter.php(340): CodeIgniter\CodeIgniter->handleRequest(null, Object(Config\Cache), false)
 5 FCPATH\index.php(67): CodeIgniter\CodeIgniter->run()
CRITICAL - 2024-11-04 13:17:39 --> Undefined variable $receipts
in APPPATH\Controllers\Detail_report.php on line 194.
 1 APPPATH\Controllers\Detail_report.php(194): CodeIgniter\Debug\Exceptions->errorHandler(2, 'Undefined variable $receipts', 'APPPATH\\Controllers\\Detail_report.php', 194)
 2 SYSTEMPATH\CodeIgniter.php(902): App\Controllers\Detail_report->index()
 3 SYSTEMPATH\CodeIgniter.php(457): CodeIgniter\CodeIgniter->runController(Object(App\Controllers\Detail_report))
 4 SYSTEMPATH\CodeIgniter.php(340): CodeIgniter\CodeIgniter->handleRequest(null, Object(Config\Cache), false)
 5 FCPATH\index.php(67): CodeIgniter\CodeIgniter->run()
CRITICAL - 2024-11-04 00:18:03 --> syntax error, unexpected variable "$html", expecting "function" or "const"
in APPPATH\Controllers\Detail_report.php on line 229.
 1 SYSTEMPATH\Router\Router.php(499): CodeIgniter\Router\AutoRouter->getRoute('detail_report')
 2 SYSTEMPATH\Router\Router.php(205): CodeIgniter\Router\Router->autoRoute('detail_report')
 3 SYSTEMPATH\CodeIgniter.php(777): CodeIgniter\Router\Router->handle('detail_report')
 4 SYSTEMPATH\CodeIgniter.php(406): CodeIgniter\CodeIgniter->tryToRouteIt(Object(CodeIgniter\Router\RouteCollection))
 5 SYSTEMPATH\CodeIgniter.php(340): CodeIgniter\CodeIgniter->handleRequest(null, Object(Config\Cache), false)
 6 FCPATH\index.php(67): CodeIgniter\CodeIgniter->run()
CRITICAL - 2024-11-04 13:18:19 --> Undefined variable $budgetDetailArray
in APPPATH\Controllers\Detail_report.php on line 247.
 1 APPPATH\Controllers\Detail_report.php(247): CodeIgniter\Debug\Exceptions->errorHandler(2, 'Undefined variable $budgetDetailArray', 'APPPATH\\Controllers\\Detail_report.php', 247)
 2 SYSTEMPATH\CodeIgniter.php(902): App\Controllers\Detail_report->index()
 3 SYSTEMPATH\CodeIgniter.php(457): CodeIgniter\CodeIgniter->runController(Object(App\Controllers\Detail_report))
 4 SYSTEMPATH\CodeIgniter.php(340): CodeIgniter\CodeIgniter->handleRequest(null, Object(Config\Cache), false)
 5 FCPATH\index.php(67): CodeIgniter\CodeIgniter->run()
CRITICAL - 2024-11-04 13:20:39 --> Undefined variable $receipts
in APPPATH\Controllers\Detail_report.php on line 194.
 1 APPPATH\Controllers\Detail_report.php(194): CodeIgniter\Debug\Exceptions->errorHandler(2, 'Undefined variable $receipts', 'APPPATH\\Controllers\\Detail_report.php', 194)
 2 SYSTEMPATH\CodeIgniter.php(902): App\Controllers\Detail_report->index()
 3 SYSTEMPATH\CodeIgniter.php(457): CodeIgniter\CodeIgniter->runController(Object(App\Controllers\Detail_report))
 4 SYSTEMPATH\CodeIgniter.php(340): CodeIgniter\CodeIgniter->handleRequest(null, Object(Config\Cache), false)
 5 FCPATH\index.php(67): CodeIgniter\CodeIgniter->run()
CRITICAL - 2024-11-04 13:22:18 --> Undefined variable $receipts
in APPPATH\Controllers\Detail_report.php on line 195.
 1 APPPATH\Controllers\Detail_report.php(195): CodeIgniter\Debug\Exceptions->errorHandler(2, 'Undefined variable $receipts', 'APPPATH\\Controllers\\Detail_report.php', 195)
 2 SYSTEMPATH\CodeIgniter.php(902): App\Controllers\Detail_report->index()
 3 SYSTEMPATH\CodeIgniter.php(457): CodeIgniter\CodeIgniter->runController(Object(App\Controllers\Detail_report))
 4 SYSTEMPATH\CodeIgniter.php(340): CodeIgniter\CodeIgniter->handleRequest(null, Object(Config\Cache), false)
 5 FCPATH\index.php(67): CodeIgniter\CodeIgniter->run()
CRITICAL - 2024-11-04 13:23:05 --> Undefined variable $receipts
in APPPATH\Controllers\Detail_report.php on line 195.
 1 APPPATH\Controllers\Detail_report.php(195): CodeIgniter\Debug\Exceptions->errorHandler(2, 'Undefined variable $receipts', 'APPPATH\\Controllers\\Detail_report.php', 195)
 2 SYSTEMPATH\CodeIgniter.php(902): App\Controllers\Detail_report->index()
 3 SYSTEMPATH\CodeIgniter.php(457): CodeIgniter\CodeIgniter->runController(Object(App\Controllers\Detail_report))
 4 SYSTEMPATH\CodeIgniter.php(340): CodeIgniter\CodeIgniter->handleRequest(null, Object(Config\Cache), false)
 5 FCPATH\index.php(67): CodeIgniter\CodeIgniter->run()
CRITICAL - 2024-11-04 13:23:12 --> Undefined variable $receipts
in APPPATH\Controllers\Detail_report.php on line 194.
 1 APPPATH\Controllers\Detail_report.php(194): CodeIgniter\Debug\Exceptions->errorHandler(2, 'Undefined variable $receipts', 'APPPATH\\Controllers\\Detail_report.php', 194)
 2 SYSTEMPATH\CodeIgniter.php(902): App\Controllers\Detail_report->index()
 3 SYSTEMPATH\CodeIgniter.php(457): CodeIgniter\CodeIgniter->runController(Object(App\Controllers\Detail_report))
 4 SYSTEMPATH\CodeIgniter.php(340): CodeIgniter\CodeIgniter->handleRequest(null, Object(Config\Cache), false)
 5 FCPATH\index.php(67): CodeIgniter\CodeIgniter->run()
CRITICAL - 2024-11-04 13:26:30 --> Undefined variable $budgetAttachment
in APPPATH\Controllers\Detail_report.php on line 194.
 1 APPPATH\Controllers\Detail_report.php(194): CodeIgniter\Debug\Exceptions->errorHandler(2, 'Undefined variable $budgetAttachment', 'APPPATH\\Controllers\\Detail_report.php', 194)
 2 SYSTEMPATH\CodeIgniter.php(902): App\Controllers\Detail_report->index()
 3 SYSTEMPATH\CodeIgniter.php(457): CodeIgniter\CodeIgniter->runController(Object(App\Controllers\Detail_report))
 4 SYSTEMPATH\CodeIgniter.php(340): CodeIgniter\CodeIgniter->handleRequest(null, Object(Config\Cache), false)
 5 FCPATH\index.php(67): CodeIgniter\CodeIgniter->run()
CRITICAL - 2024-11-04 13:26:45 --> Undefined variable $budgetAttachment
in APPPATH\Controllers\Detail_report.php on line 198.
 1 APPPATH\Controllers\Detail_report.php(198): CodeIgniter\Debug\Exceptions->errorHandler(2, 'Undefined variable $budgetAttachment', 'APPPATH\\Controllers\\Detail_report.php', 198)
 2 SYSTEMPATH\CodeIgniter.php(902): App\Controllers\Detail_report->index()
 3 SYSTEMPATH\CodeIgniter.php(457): CodeIgniter\CodeIgniter->runController(Object(App\Controllers\Detail_report))
 4 SYSTEMPATH\CodeIgniter.php(340): CodeIgniter\CodeIgniter->handleRequest(null, Object(Config\Cache), false)
 5 FCPATH\index.php(67): CodeIgniter\CodeIgniter->run()
CRITICAL - 2024-11-04 13:30:33 --> Undefined variable $budget_attachment
in APPPATH\Controllers\Detail_report.php on line 194.
 1 APPPATH\Controllers\Detail_report.php(194): CodeIgniter\Debug\Exceptions->errorHandler(2, 'Undefined variable $budget_attachment', 'APPPATH\\Controllers\\Detail_report.php', 194)
 2 SYSTEMPATH\CodeIgniter.php(902): App\Controllers\Detail_report->index()
 3 SYSTEMPATH\CodeIgniter.php(457): CodeIgniter\CodeIgniter->runController(Object(App\Controllers\Detail_report))
 4 SYSTEMPATH\CodeIgniter.php(340): CodeIgniter\CodeIgniter->handleRequest(null, Object(Config\Cache), false)
 5 FCPATH\index.php(67): CodeIgniter\CodeIgniter->run()
CRITICAL - 2024-11-04 13:36:38 --> Uncaught ValueError: realpath(): Argument #1 ($path) must not contain any null bytes in D:\xampp\htdocs\debitnote\system\Common.php:90
Stack trace:
#0 D:\xampp\htdocs\debitnote\system\Common.php(90): realpath('%PDF-1.7\n1 0 ob...')
#1 D:\xampp\htdocs\debitnote\system\Debug\Exceptions.php(483): clean_path('%PDF-1.7\n1 0 ob...')
#2 [internal function]: CodeIgniter\Debug\Exceptions::CodeIgniter\Debug\{closure}('%PDF-1.7\n1 0 ob...')
#3 D:\xampp\htdocs\debitnote\system\Debug\Exceptions.php(488): array_map(Object(Closure), Array)
#4 D:\xampp\htdocs\debitnote\system\Debug\Exceptions.php(114): CodeIgniter\Debug\Exceptions::renderBacktrace(Array)
#5 [internal function]: CodeIgniter\Debug\Exceptions->exceptionHandler(Object(ErrorException))
#6 {main}
  thrown
in SYSTEMPATH\Common.php on line 90.
 1 [internal function]: CodeIgniter\Debug\Exceptions->shutdownHandler()
CRITICAL - 2024-11-04 13:41:53 --> Undefined variable $receipt
in APPPATH\Controllers\Detail_report.php on line 23.
 1 APPPATH\Controllers\Detail_report.php(23): CodeIgniter\Debug\Exceptions->errorHandler(2, 'Undefined variable $receipt', 'APPPATH\\Controllers\\Detail_report.php', 23)
 2 SYSTEMPATH\CodeIgniter.php(902): App\Controllers\Detail_report->index()
 3 SYSTEMPATH\CodeIgniter.php(457): CodeIgniter\CodeIgniter->runController(Object(App\Controllers\Detail_report))
 4 SYSTEMPATH\CodeIgniter.php(340): CodeIgniter\CodeIgniter->handleRequest(null, Object(Config\Cache), false)
 5 FCPATH\index.php(67): CodeIgniter\CodeIgniter->run()
CRITICAL - 2024-11-04 16:14:39 --> file_get_contents(D:/xampp/htdocs/debitnote/uploads/ce_receipt/0001-KAM-080724. _3.jpg): Failed to open stream: No such file or directory
in APPPATH\Controllers\Detail_report.php on line 25.
 1 [internal function]: CodeIgniter\Debug\Exceptions->errorHandler(2, 'file_get_contents(D:/xampp/htdocs/debitnote/uploads/ce_receipt/0001-KAM-080724. _3.jpg): Failed to open stream: No such file or directory', 'APPPATH\\Controllers\\Detail_report.php', 25)
 2 APPPATH\Controllers\Detail_report.php(25): file_get_contents('D:/xampp/htdocs/debitnote/uploads/ce_receipt/0001-KAM-080724. _3.jpg')
 3 SYSTEMPATH\CodeIgniter.php(902): App\Controllers\Detail_report->index()
 4 SYSTEMPATH\CodeIgniter.php(457): CodeIgniter\CodeIgniter->runController(Object(App\Controllers\Detail_report))
 5 SYSTEMPATH\CodeIgniter.php(340): CodeIgniter\CodeIgniter->handleRequest(null, Object(Config\Cache), false)
 6 FCPATH\index.php(67): CodeIgniter\CodeIgniter->run()
CRITICAL - 2024-11-04 16:14:55 --> Undefined variable $Pdfgenerator
in APPPATH\Controllers\Detail_report.php on line 231.
 1 APPPATH\Controllers\Detail_report.php(231): CodeIgniter\Debug\Exceptions->errorHandler(2, 'Undefined variable $Pdfgenerator', 'APPPATH\\Controllers\\Detail_report.php', 231)
 2 SYSTEMPATH\CodeIgniter.php(902): App\Controllers\Detail_report->index()
 3 SYSTEMPATH\CodeIgniter.php(457): CodeIgniter\CodeIgniter->runController(Object(App\Controllers\Detail_report))
 4 SYSTEMPATH\CodeIgniter.php(340): CodeIgniter\CodeIgniter->handleRequest(null, Object(Config\Cache), false)
 5 FCPATH\index.php(67): CodeIgniter\CodeIgniter->run()
CRITICAL - 2024-11-04 16:15:13 --> Undefined variable $Pdfgenerator
in APPPATH\Controllers\Detail_report.php on line 232.
 1 APPPATH\Controllers\Detail_report.php(232): CodeIgniter\Debug\Exceptions->errorHandler(2, 'Undefined variable $Pdfgenerator', 'APPPATH\\Controllers\\Detail_report.php', 232)
 2 SYSTEMPATH\CodeIgniter.php(902): App\Controllers\Detail_report->index()
 3 SYSTEMPATH\CodeIgniter.php(457): CodeIgniter\CodeIgniter->runController(Object(App\Controllers\Detail_report))
 4 SYSTEMPATH\CodeIgniter.php(340): CodeIgniter\CodeIgniter->handleRequest(null, Object(Config\Cache), false)
 5 FCPATH\index.php(67): CodeIgniter\CodeIgniter->run()
CRITICAL - 2024-11-04 16:21:35 --> Uncaught ValueError: realpath(): Argument #1 ($path) must not contain any null bytes in D:\xampp\htdocs\debitnote\system\Common.php:90
Stack trace:
#0 D:\xampp\htdocs\debitnote\system\Common.php(90): realpath('%PDF-1.7\n1 0 ob...')
#1 D:\xampp\htdocs\debitnote\system\Debug\Exceptions.php(483): clean_path('%PDF-1.7\n1 0 ob...')
#2 [internal function]: CodeIgniter\Debug\Exceptions::CodeIgniter\Debug\{closure}('%PDF-1.7\n1 0 ob...')
#3 D:\xampp\htdocs\debitnote\system\Debug\Exceptions.php(488): array_map(Object(Closure), Array)
#4 D:\xampp\htdocs\debitnote\system\Debug\Exceptions.php(114): CodeIgniter\Debug\Exceptions::renderBacktrace(Array)
#5 [internal function]: CodeIgniter\Debug\Exceptions->exceptionHandler(Object(ErrorException))
#6 {main}
  thrown
in SYSTEMPATH\Common.php on line 90.
 1 [internal function]: CodeIgniter\Debug\Exceptions->shutdownHandler()
CRITICAL - 2024-11-04 16:51:59 --> Undefined variable $receipt
in APPPATH\Controllers\Report_engineer.php on line 37.
 1 APPPATH\Controllers\Report_engineer.php(37): CodeIgniter\Debug\Exceptions->errorHandler(2, 'Undefined variable $receipt', 'APPPATH\\Controllers\\Report_engineer.php', 37)
 2 SYSTEMPATH\CodeIgniter.php(902): App\Controllers\Report_engineer->index()
 3 SYSTEMPATH\CodeIgniter.php(457): CodeIgniter\CodeIgniter->runController(Object(App\Controllers\Report_engineer))
 4 SYSTEMPATH\CodeIgniter.php(340): CodeIgniter\CodeIgniter->handleRequest(null, Object(Config\Cache), false)
 5 FCPATH\index.php(67): CodeIgniter\CodeIgniter->run()
CRITICAL - 2024-11-04 17:10:12 --> Uncaught ValueError: realpath(): Argument #1 ($path) must not contain any null bytes in D:\xampp\htdocs\debitnote\system\Common.php:90
Stack trace:
#0 D:\xampp\htdocs\debitnote\system\Common.php(90): realpath('%PDF-1.7\n1 0 ob...')
#1 D:\xampp\htdocs\debitnote\system\Debug\Exceptions.php(483): clean_path('%PDF-1.7\n1 0 ob...')
#2 [internal function]: CodeIgniter\Debug\Exceptions::CodeIgniter\Debug\{closure}('%PDF-1.7\n1 0 ob...')
#3 D:\xampp\htdocs\debitnote\system\Debug\Exceptions.php(488): array_map(Object(Closure), Array)
#4 D:\xampp\htdocs\debitnote\system\Debug\Exceptions.php(114): CodeIgniter\Debug\Exceptions::renderBacktrace(Array)
#5 [internal function]: CodeIgniter\Debug\Exceptions->exceptionHandler(Object(ErrorException))
#6 {main}
  thrown
in SYSTEMPATH\Common.php on line 90.
 1 [internal function]: CodeIgniter\Debug\Exceptions->shutdownHandler()
CRITICAL - 2024-11-04 17:36:04 --> Uncaught ValueError: realpath(): Argument #1 ($path) must not contain any null bytes in D:\xampp\htdocs\debitnote\system\Common.php:90
Stack trace:
#0 D:\xampp\htdocs\debitnote\system\Common.php(90): realpath('%PDF-1.7\n1 0 ob...')
#1 D:\xampp\htdocs\debitnote\system\Debug\Exceptions.php(483): clean_path('%PDF-1.7\n1 0 ob...')
#2 [internal function]: CodeIgniter\Debug\Exceptions::CodeIgniter\Debug\{closure}('%PDF-1.7\n1 0 ob...')
#3 D:\xampp\htdocs\debitnote\system\Debug\Exceptions.php(488): array_map(Object(Closure), Array)
#4 D:\xampp\htdocs\debitnote\system\Debug\Exceptions.php(114): CodeIgniter\Debug\Exceptions::renderBacktrace(Array)
#5 [internal function]: CodeIgniter\Debug\Exceptions->exceptionHandler(Object(ErrorException))
#6 {main}
  thrown
in SYSTEMPATH\Common.php on line 90.
 1 [internal function]: CodeIgniter\Debug\Exceptions->shutdownHandler()
CRITICAL - 2024-11-04 17:38:14 --> Uncaught ValueError: realpath(): Argument #1 ($path) must not contain any null bytes in D:\xampp\htdocs\debitnote\system\Common.php:90
Stack trace:
#0 D:\xampp\htdocs\debitnote\system\Common.php(90): realpath('%PDF-1.7\n1 0 ob...')
#1 D:\xampp\htdocs\debitnote\system\Debug\Exceptions.php(483): clean_path('%PDF-1.7\n1 0 ob...')
#2 [internal function]: CodeIgniter\Debug\Exceptions::CodeIgniter\Debug\{closure}('%PDF-1.7\n1 0 ob...')
#3 D:\xampp\htdocs\debitnote\system\Debug\Exceptions.php(488): array_map(Object(Closure), Array)
#4 D:\xampp\htdocs\debitnote\system\Debug\Exceptions.php(114): CodeIgniter\Debug\Exceptions::renderBacktrace(Array)
#5 [internal function]: CodeIgniter\Debug\Exceptions->exceptionHandler(Object(ErrorException))
#6 {main}
  thrown
in SYSTEMPATH\Common.php on line 90.
 1 [internal function]: CodeIgniter\Debug\Exceptions->shutdownHandler()
CRITICAL - 2024-11-04 17:38:25 --> Uncaught ValueError: realpath(): Argument #1 ($path) must not contain any null bytes in D:\xampp\htdocs\debitnote\system\Common.php:90
Stack trace:
#0 D:\xampp\htdocs\debitnote\system\Common.php(90): realpath('%PDF-1.7\n1 0 ob...')
#1 D:\xampp\htdocs\debitnote\system\Debug\Exceptions.php(483): clean_path('%PDF-1.7\n1 0 ob...')
#2 [internal function]: CodeIgniter\Debug\Exceptions::CodeIgniter\Debug\{closure}('%PDF-1.7\n1 0 ob...')
#3 D:\xampp\htdocs\debitnote\system\Debug\Exceptions.php(488): array_map(Object(Closure), Array)
#4 D:\xampp\htdocs\debitnote\system\Debug\Exceptions.php(114): CodeIgniter\Debug\Exceptions::renderBacktrace(Array)
#5 [internal function]: CodeIgniter\Debug\Exceptions->exceptionHandler(Object(ErrorException))
#6 {main}
  thrown
in SYSTEMPATH\Common.php on line 90.
 1 [internal function]: CodeIgniter\Debug\Exceptions->shutdownHandler()
CRITICAL - 2024-11-04 17:40:18 --> Uncaught ValueError: realpath(): Argument #1 ($path) must not contain any null bytes in D:\xampp\htdocs\debitnote\system\Common.php:90
Stack trace:
#0 D:\xampp\htdocs\debitnote\system\Common.php(90): realpath('%PDF-1.7\n1 0 ob...')
#1 D:\xampp\htdocs\debitnote\system\Debug\Exceptions.php(483): clean_path('%PDF-1.7\n1 0 ob...')
#2 [internal function]: CodeIgniter\Debug\Exceptions::CodeIgniter\Debug\{closure}('%PDF-1.7\n1 0 ob...')
#3 D:\xampp\htdocs\debitnote\system\Debug\Exceptions.php(488): array_map(Object(Closure), Array)
#4 D:\xampp\htdocs\debitnote\system\Debug\Exceptions.php(114): CodeIgniter\Debug\Exceptions::renderBacktrace(Array)
#5 [internal function]: CodeIgniter\Debug\Exceptions->exceptionHandler(Object(ErrorException))
#6 {main}
  thrown
in SYSTEMPATH\Common.php on line 90.
 1 [internal function]: CodeIgniter\Debug\Exceptions->shutdownHandler()
CRITICAL - 2024-11-04 17:40:36 --> Uncaught ValueError: realpath(): Argument #1 ($path) must not contain any null bytes in D:\xampp\htdocs\debitnote\system\Common.php:90
Stack trace:
#0 D:\xampp\htdocs\debitnote\system\Common.php(90): realpath('%PDF-1.7\n1 0 ob...')
#1 D:\xampp\htdocs\debitnote\system\Debug\Exceptions.php(483): clean_path('%PDF-1.7\n1 0 ob...')
#2 [internal function]: CodeIgniter\Debug\Exceptions::CodeIgniter\Debug\{closure}('%PDF-1.7\n1 0 ob...')
#3 D:\xampp\htdocs\debitnote\system\Debug\Exceptions.php(488): array_map(Object(Closure), Array)
#4 D:\xampp\htdocs\debitnote\system\Debug\Exceptions.php(114): CodeIgniter\Debug\Exceptions::renderBacktrace(Array)
#5 [internal function]: CodeIgniter\Debug\Exceptions->exceptionHandler(Object(ErrorException))
#6 {main}
  thrown
in SYSTEMPATH\Common.php on line 90.
 1 [internal function]: CodeIgniter\Debug\Exceptions->shutdownHandler()
CRITICAL - 2024-11-04 17:41:07 --> Uncaught ValueError: realpath(): Argument #1 ($path) must not contain any null bytes in D:\xampp\htdocs\debitnote\system\Common.php:90
Stack trace:
#0 D:\xampp\htdocs\debitnote\system\Common.php(90): realpath('%PDF-1.7\n1 0 ob...')
#1 D:\xampp\htdocs\debitnote\system\Debug\Exceptions.php(483): clean_path('%PDF-1.7\n1 0 ob...')
#2 [internal function]: CodeIgniter\Debug\Exceptions::CodeIgniter\Debug\{closure}('%PDF-1.7\n1 0 ob...')
#3 D:\xampp\htdocs\debitnote\system\Debug\Exceptions.php(488): array_map(Object(Closure), Array)
#4 D:\xampp\htdocs\debitnote\system\Debug\Exceptions.php(114): CodeIgniter\Debug\Exceptions::renderBacktrace(Array)
#5 [internal function]: CodeIgniter\Debug\Exceptions->exceptionHandler(Object(ErrorException))
#6 {main}
  thrown
in SYSTEMPATH\Common.php on line 90.
 1 [internal function]: CodeIgniter\Debug\Exceptions->shutdownHandler()
CRITICAL - 2024-11-04 17:42:55 --> Undefined variable $fileName
in APPPATH\Controllers\Engineer_receipt.php on line 152.
 1 APPPATH\Controllers\Engineer_receipt.php(152): CodeIgniter\Debug\Exceptions->errorHandler(2, 'Undefined variable $fileName', 'APPPATH\\Controllers\\Engineer_receipt.php', 152)
 2 SYSTEMPATH\CodeIgniter.php(902): App\Controllers\Engineer_receipt->upload_receipts()
 3 SYSTEMPATH\CodeIgniter.php(457): CodeIgniter\CodeIgniter->runController(Object(App\Controllers\Engineer_receipt))
 4 SYSTEMPATH\CodeIgniter.php(340): CodeIgniter\CodeIgniter->handleRequest(null, Object(Config\Cache), false)
 5 FCPATH\index.php(67): CodeIgniter\CodeIgniter->run()
CRITICAL - 2024-11-04 17:43:24 --> Undefined variable $fileName
in APPPATH\Controllers\Engineer_receipt.php on line 152.
 1 APPPATH\Controllers\Engineer_receipt.php(152): CodeIgniter\Debug\Exceptions->errorHandler(2, 'Undefined variable $fileName', 'APPPATH\\Controllers\\Engineer_receipt.php', 152)
 2 SYSTEMPATH\CodeIgniter.php(902): App\Controllers\Engineer_receipt->upload_receipts()
 3 SYSTEMPATH\CodeIgniter.php(457): CodeIgniter\CodeIgniter->runController(Object(App\Controllers\Engineer_receipt))
 4 SYSTEMPATH\CodeIgniter.php(340): CodeIgniter\CodeIgniter->handleRequest(null, Object(Config\Cache), false)
 5 FCPATH\index.php(67): CodeIgniter\CodeIgniter->run()
