CRITICAL - 2024-07-17 11:18:41 --> Undefined variable $debitnote_
in APPPATH\Controllers\Engineer_receipt.php on line 127.
 1 APPPATH\Controllers\Engineer_receipt.php(127): CodeIgniter\Debug\Exceptions->errorHandler(2, 'Undefined variable $debitnote_', 'APPPATH\\Controllers\\Engineer_receipt.php', 127)
 2 SYSTEMPATH\CodeIgniter.php(902): App\Controllers\Engineer_receipt->upload_receipts()
 3 SYSTEMPATH\CodeIgniter.php(457): CodeIgniter\CodeIgniter->runController(Object(App\Controllers\Engineer_receipt))
 4 SYSTEMPATH\CodeIgniter.php(340): CodeIgniter\CodeIgniter->handleRequest(null, Object(Config\Cache), false)
 5 FCPATH\index.php(67): CodeIgniter\CodeIgniter->run()
CRITICAL - 2024-07-17 11:19:21 --> Undefined variable $targetPath
in APPPATH\Controllers\Engineer_receipt.php on line 131.
 1 APPPATH\Controllers\Engineer_receipt.php(131): CodeIgniter\Debug\Exceptions->errorHandler(2, 'Undefined variable $targetPath', 'APPPATH\\Controllers\\Engineer_receipt.php', 131)
 2 SYSTEMPATH\CodeIgniter.php(902): App\Controllers\Engineer_receipt->upload_receipts()
 3 SYSTEMPATH\CodeIgniter.php(457): CodeIgniter\CodeIgniter->runController(Object(App\Controllers\Engineer_receipt))
 4 SYSTEMPATH\CodeIgniter.php(340): CodeIgniter\CodeIgniter->handleRequest(null, Object(Config\Cache), false)
 5 FCPATH\index.php(67): CodeIgniter\CodeIgniter->run()
CRITICAL - 2024-07-17 11:20:06 --> Undefined variable $debitnote_
in APPPATH\Controllers\Engineer_receipt.php on line 127.
 1 APPPATH\Controllers\Engineer_receipt.php(127): CodeIgniter\Debug\Exceptions->errorHandler(2, 'Undefined variable $debitnote_', 'APPPATH\\Controllers\\Engineer_receipt.php', 127)
 2 SYSTEMPATH\CodeIgniter.php(902): App\Controllers\Engineer_receipt->upload_receipts()
 3 SYSTEMPATH\CodeIgniter.php(457): CodeIgniter\CodeIgniter->runController(Object(App\Controllers\Engineer_receipt))
 4 SYSTEMPATH\CodeIgniter.php(340): CodeIgniter\CodeIgniter->handleRequest(null, Object(Config\Cache), false)
 5 FCPATH\index.php(67): CodeIgniter\CodeIgniter->run()
CRITICAL - 2024-07-17 11:36:14 --> Uncaught ValueError: realpath(): Argument #1 ($path) must not contain any null bytes in D:\xampp\htdocs\debitnote\system\Common.php:90
Stack trace:
#0 D:\xampp\htdocs\debitnote\system\Common.php(90): realpath('%PDF-1.7\n1 0 ob...')
#1 D:\xampp\htdocs\debitnote\system\Debug\Exceptions.php(483): clean_path('%PDF-1.7\n1 0 ob...')
#2 [internal function]: CodeIgniter\Debug\Exceptions::CodeIgniter\Debug\{closure}('%PDF-1.7\n1 0 ob...')
#3 D:\xampp\htdocs\debitnote\system\Debug\Exceptions.php(488): array_map(Object(Closure), Array)
#4 D:\xampp\htdocs\debitnote\system\Debug\Exceptions.php(114): CodeIgniter\Debug\Exceptions::renderBacktrace(Array)
#5 [internal function]: CodeIgniter\Debug\Exceptions->exceptionHandler(Object(ErrorException))
#6 {main}
  thrown
in SYSTEMPATH\Common.php on line 90.
 1 [internal function]: CodeIgniter\Debug\Exceptions->shutdownHandler()
CRITICAL - 2024-07-17 11:36:50 --> Uncaught ValueError: realpath(): Argument #1 ($path) must not contain any null bytes in D:\xampp\htdocs\debitnote\system\Common.php:90
Stack trace:
#0 D:\xampp\htdocs\debitnote\system\Common.php(90): realpath('%PDF-1.7\n1 0 ob...')
#1 D:\xampp\htdocs\debitnote\system\Debug\Exceptions.php(483): clean_path('%PDF-1.7\n1 0 ob...')
#2 [internal function]: CodeIgniter\Debug\Exceptions::CodeIgniter\Debug\{closure}('%PDF-1.7\n1 0 ob...')
#3 D:\xampp\htdocs\debitnote\system\Debug\Exceptions.php(488): array_map(Object(Closure), Array)
#4 D:\xampp\htdocs\debitnote\system\Debug\Exceptions.php(114): CodeIgniter\Debug\Exceptions::renderBacktrace(Array)
#5 [internal function]: CodeIgniter\Debug\Exceptions->exceptionHandler(Object(ErrorException))
#6 {main}
  thrown
in SYSTEMPATH\Common.php on line 90.
 1 [internal function]: CodeIgniter\Debug\Exceptions->shutdownHandler()
ERROR - 2024-07-17 19:23:33 --> Error connecting to the database: mysqli_sql_exception: A connection attempt failed because the connected party did not properly respond after a period of time, or established connection failed because connected host has failed to respond in D:\xampp\htdocs\debitnote\system\Database\MySQLi\Connection.php:171
Stack trace:
#0 D:\xampp\htdocs\debitnote\system\Database\MySQLi\Connection.php(171): mysqli->real_connect('10.95.151.99', 'root', '6kRNA28YG0WJDcY...', 'debitnote', 3306, '', 0)
#1 D:\xampp\htdocs\debitnote\system\Database\BaseConnection.php(382): CodeIgniter\Database\MySQLi\Connection->connect(false)
#2 D:\xampp\htdocs\debitnote\system\Database\BaseConnection.php(588): CodeIgniter\Database\BaseConnection->initialize()
#3 D:\xampp\htdocs\debitnote\system\Database\BaseBuilder.php(1585): CodeIgniter\Database\BaseConnection->query('SELECT *\nFROM `...', Array, false)
#4 D:\xampp\htdocs\debitnote\system\Model.php(223): CodeIgniter\Database\BaseBuilder->get()
#5 D:\xampp\htdocs\debitnote\system\BaseModel.php(584): CodeIgniter\Model->doFindAll(0, 0)
#6 D:\xampp\htdocs\debitnote\app\Controllers\Login.php(26): CodeIgniter\BaseModel->findAll()
#7 D:\xampp\htdocs\debitnote\system\CodeIgniter.php(902): App\Controllers\Login->index()
#8 D:\xampp\htdocs\debitnote\system\CodeIgniter.php(457): CodeIgniter\CodeIgniter->runController(Object(App\Controllers\Login))
#9 D:\xampp\htdocs\debitnote\system\CodeIgniter.php(340): CodeIgniter\CodeIgniter->handleRequest(NULL, Object(Config\Cache), false)
#10 D:\xampp\htdocs\debitnote\index.php(67): CodeIgniter\CodeIgniter->run()
#11 {main}

Next CodeIgniter\Database\Exceptions\DatabaseException: A connection attempt failed because the connected party did not properly respond after a period of time, or established connection failed because connected host has failed to respond in D:\xampp\htdocs\debitnote\system\Database\MySQLi\Connection.php:215
Stack trace:
#0 D:\xampp\htdocs\debitnote\system\Database\BaseConnection.php(382): CodeIgniter\Database\MySQLi\Connection->connect(false)
#1 D:\xampp\htdocs\debitnote\system\Database\BaseConnection.php(588): CodeIgniter\Database\BaseConnection->initialize()
#2 D:\xampp\htdocs\debitnote\system\Database\BaseBuilder.php(1585): CodeIgniter\Database\BaseConnection->query('SELECT *\nFROM `...', Array, false)
#3 D:\xampp\htdocs\debitnote\system\Model.php(223): CodeIgniter\Database\BaseBuilder->get()
#4 D:\xampp\htdocs\debitnote\system\BaseModel.php(584): CodeIgniter\Model->doFindAll(0, 0)
#5 D:\xampp\htdocs\debitnote\app\Controllers\Login.php(26): CodeIgniter\BaseModel->findAll()
#6 D:\xampp\htdocs\debitnote\system\CodeIgniter.php(902): App\Controllers\Login->index()
#7 D:\xampp\htdocs\debitnote\system\CodeIgniter.php(457): CodeIgniter\CodeIgniter->runController(Object(App\Controllers\Login))
#8 D:\xampp\htdocs\debitnote\system\CodeIgniter.php(340): CodeIgniter\CodeIgniter->handleRequest(NULL, Object(Config\Cache), false)
#9 D:\xampp\htdocs\debitnote\index.php(67): CodeIgniter\CodeIgniter->run()
#10 {main}
CRITICAL - 2024-07-17 19:23:33 --> Unable to connect to the database.
Main connection [MySQLi]: A connection attempt failed because the connected party did not properly respond after a period of time, or established connection failed because connected host has failed to respond
in SYSTEMPATH\Database\BaseConnection.php on line 418.
 1 SYSTEMPATH\Database\BaseConnection.php(588): CodeIgniter\Database\BaseConnection->initialize()
 2 SYSTEMPATH\Database\BaseBuilder.php(1585): CodeIgniter\Database\BaseConnection->query('SELECT *
FROM `userdata`
WHERE `username` = :username:', [...], false)
 3 SYSTEMPATH\Model.php(223): CodeIgniter\Database\BaseBuilder->get()
 4 SYSTEMPATH\BaseModel.php(584): CodeIgniter\Model->doFindAll(0, 0)
 5 APPPATH\Controllers\Login.php(26): CodeIgniter\BaseModel->findAll()
 6 SYSTEMPATH\CodeIgniter.php(902): App\Controllers\Login->index()
 7 SYSTEMPATH\CodeIgniter.php(457): CodeIgniter\CodeIgniter->runController(Object(App\Controllers\Login))
 8 SYSTEMPATH\CodeIgniter.php(340): CodeIgniter\CodeIgniter->handleRequest(null, Object(Config\Cache), false)
 9 FCPATH\index.php(67): CodeIgniter\CodeIgniter->run()
ERROR - 2024-07-17 19:23:52 --> Error connecting to the database: mysqli_sql_exception: A connection attempt failed because the connected party did not properly respond after a period of time, or established connection failed because connected host has failed to respond in D:\xampp\htdocs\debitnote\system\Database\MySQLi\Connection.php:171
Stack trace:
#0 D:\xampp\htdocs\debitnote\system\Database\MySQLi\Connection.php(171): mysqli->real_connect('10.95.151.99', 'root', '6kRNA28YG0WJDcY...', 'debitnote', 3306, '', 0)
#1 D:\xampp\htdocs\debitnote\system\Database\BaseConnection.php(382): CodeIgniter\Database\MySQLi\Connection->connect(false)
#2 D:\xampp\htdocs\debitnote\system\Database\BaseConnection.php(588): CodeIgniter\Database\BaseConnection->initialize()
#3 D:\xampp\htdocs\debitnote\system\Database\BaseBuilder.php(1585): CodeIgniter\Database\BaseConnection->query('SELECT *\nFROM `...', Array, false)
#4 D:\xampp\htdocs\debitnote\system\Model.php(223): CodeIgniter\Database\BaseBuilder->get()
#5 D:\xampp\htdocs\debitnote\system\BaseModel.php(584): CodeIgniter\Model->doFindAll(0, 0)
#6 D:\xampp\htdocs\debitnote\app\Controllers\Login.php(26): CodeIgniter\BaseModel->findAll()
#7 D:\xampp\htdocs\debitnote\system\CodeIgniter.php(902): App\Controllers\Login->index()
#8 D:\xampp\htdocs\debitnote\system\CodeIgniter.php(457): CodeIgniter\CodeIgniter->runController(Object(App\Controllers\Login))
#9 D:\xampp\htdocs\debitnote\system\CodeIgniter.php(340): CodeIgniter\CodeIgniter->handleRequest(NULL, Object(Config\Cache), false)
#10 D:\xampp\htdocs\debitnote\index.php(67): CodeIgniter\CodeIgniter->run()
#11 {main}

Next CodeIgniter\Database\Exceptions\DatabaseException: A connection attempt failed because the connected party did not properly respond after a period of time, or established connection failed because connected host has failed to respond in D:\xampp\htdocs\debitnote\system\Database\MySQLi\Connection.php:215
Stack trace:
#0 D:\xampp\htdocs\debitnote\system\Database\BaseConnection.php(382): CodeIgniter\Database\MySQLi\Connection->connect(false)
#1 D:\xampp\htdocs\debitnote\system\Database\BaseConnection.php(588): CodeIgniter\Database\BaseConnection->initialize()
#2 D:\xampp\htdocs\debitnote\system\Database\BaseBuilder.php(1585): CodeIgniter\Database\BaseConnection->query('SELECT *\nFROM `...', Array, false)
#3 D:\xampp\htdocs\debitnote\system\Model.php(223): CodeIgniter\Database\BaseBuilder->get()
#4 D:\xampp\htdocs\debitnote\system\BaseModel.php(584): CodeIgniter\Model->doFindAll(0, 0)
#5 D:\xampp\htdocs\debitnote\app\Controllers\Login.php(26): CodeIgniter\BaseModel->findAll()
#6 D:\xampp\htdocs\debitnote\system\CodeIgniter.php(902): App\Controllers\Login->index()
#7 D:\xampp\htdocs\debitnote\system\CodeIgniter.php(457): CodeIgniter\CodeIgniter->runController(Object(App\Controllers\Login))
#8 D:\xampp\htdocs\debitnote\system\CodeIgniter.php(340): CodeIgniter\CodeIgniter->handleRequest(NULL, Object(Config\Cache), false)
#9 D:\xampp\htdocs\debitnote\index.php(67): CodeIgniter\CodeIgniter->run()
#10 {main}
CRITICAL - 2024-07-17 19:23:52 --> Unable to connect to the database.
Main connection [MySQLi]: A connection attempt failed because the connected party did not properly respond after a period of time, or established connection failed because connected host has failed to respond
in SYSTEMPATH\Database\BaseConnection.php on line 418.
 1 SYSTEMPATH\Database\BaseConnection.php(588): CodeIgniter\Database\BaseConnection->initialize()
 2 SYSTEMPATH\Database\BaseBuilder.php(1585): CodeIgniter\Database\BaseConnection->query('SELECT *
FROM `userdata`
WHERE `username` = :username:', [...], false)
 3 SYSTEMPATH\Model.php(223): CodeIgniter\Database\BaseBuilder->get()
 4 SYSTEMPATH\BaseModel.php(584): CodeIgniter\Model->doFindAll(0, 0)
 5 APPPATH\Controllers\Login.php(26): CodeIgniter\BaseModel->findAll()
 6 SYSTEMPATH\CodeIgniter.php(902): App\Controllers\Login->index()
 7 SYSTEMPATH\CodeIgniter.php(457): CodeIgniter\CodeIgniter->runController(Object(App\Controllers\Login))
 8 SYSTEMPATH\CodeIgniter.php(340): CodeIgniter\CodeIgniter->handleRequest(null, Object(Config\Cache), false)
 9 FCPATH\index.php(67): CodeIgniter\CodeIgniter->run()
ERROR - 2024-07-17 19:24:13 --> mysqli_sql_exception: Table 'userdata' is marked as crashed and should be repaired in D:\xampp\htdocs\debitnote\system\Database\MySQLi\Connection.php:292
Stack trace:
#0 D:\xampp\htdocs\debitnote\system\Database\MySQLi\Connection.php(292): mysqli->query('SELECT *\nFROM `...', 0)
#1 D:\xampp\htdocs\debitnote\system\Database\BaseConnection.php(693): CodeIgniter\Database\MySQLi\Connection->execute('SELECT *\nFROM `...')
#2 D:\xampp\htdocs\debitnote\system\Database\BaseConnection.php(620): CodeIgniter\Database\BaseConnection->simpleQuery('SELECT *\nFROM `...')
#3 D:\xampp\htdocs\debitnote\system\Database\BaseBuilder.php(1585): CodeIgniter\Database\BaseConnection->query('SELECT *\nFROM `...', Array, false)
#4 D:\xampp\htdocs\debitnote\system\Model.php(223): CodeIgniter\Database\BaseBuilder->get()
#5 D:\xampp\htdocs\debitnote\system\BaseModel.php(584): CodeIgniter\Model->doFindAll(0, 0)
#6 D:\xampp\htdocs\debitnote\app\Controllers\Login.php(26): CodeIgniter\BaseModel->findAll()
#7 D:\xampp\htdocs\debitnote\system\CodeIgniter.php(902): App\Controllers\Login->index()
#8 D:\xampp\htdocs\debitnote\system\CodeIgniter.php(457): CodeIgniter\CodeIgniter->runController(Object(App\Controllers\Login))
#9 D:\xampp\htdocs\debitnote\system\CodeIgniter.php(340): CodeIgniter\CodeIgniter->handleRequest(NULL, Object(Config\Cache), false)
#10 D:\xampp\htdocs\debitnote\index.php(67): CodeIgniter\CodeIgniter->run()
#11 {main}
CRITICAL - 2024-07-17 19:24:13 --> Table 'userdata' is marked as crashed and should be repaired
in SYSTEMPATH\Database\MySQLi\Connection.php on line 292.
 1 SYSTEMPATH\Database\MySQLi\Connection.php(292): mysqli->query('SELECT *
FROM `userdata`
WHERE `username` = \'eng\'', 0)
 2 SYSTEMPATH\Database\BaseConnection.php(693): CodeIgniter\Database\MySQLi\Connection->execute('SELECT *
FROM `userdata`
WHERE `username` = \'eng\'')
 3 SYSTEMPATH\Database\BaseConnection.php(620): CodeIgniter\Database\BaseConnection->simpleQuery('SELECT *
FROM `userdata`
WHERE `username` = \'eng\'')
 4 SYSTEMPATH\Database\BaseBuilder.php(1585): CodeIgniter\Database\BaseConnection->query('SELECT *
FROM `userdata`
WHERE `username` = :username:', [...], false)
 5 SYSTEMPATH\Model.php(223): CodeIgniter\Database\BaseBuilder->get()
 6 SYSTEMPATH\BaseModel.php(584): CodeIgniter\Model->doFindAll(0, 0)
 7 APPPATH\Controllers\Login.php(26): CodeIgniter\BaseModel->findAll()
 8 SYSTEMPATH\CodeIgniter.php(902): App\Controllers\Login->index()
 9 SYSTEMPATH\CodeIgniter.php(457): CodeIgniter\CodeIgniter->runController(Object(App\Controllers\Login))
10 SYSTEMPATH\CodeIgniter.php(340): CodeIgniter\CodeIgniter->handleRequest(null, Object(Config\Cache), false)
11 FCPATH\index.php(67): CodeIgniter\CodeIgniter->run()
ERROR - 2024-07-17 19:27:05 --> mysqli_sql_exception: You have an error in your SQL syntax; check the manual that corresponds to your MariaDB server version for the right syntax to use near ')
GROUP BY `debitnote`' at line 8 in D:\xampp\htdocs\debitnote\system\Database\MySQLi\Connection.php:292
Stack trace:
#0 D:\xampp\htdocs\debitnote\system\Database\MySQLi\Connection.php(292): mysqli->query('SELECT *\nFROM `...', 0)
#1 D:\xampp\htdocs\debitnote\system\Database\BaseConnection.php(693): CodeIgniter\Database\MySQLi\Connection->execute('SELECT *\nFROM `...')
#2 D:\xampp\htdocs\debitnote\system\Database\BaseConnection.php(620): CodeIgniter\Database\BaseConnection->simpleQuery('SELECT *\nFROM `...')
#3 D:\xampp\htdocs\debitnote\system\Database\BaseBuilder.php(1585): CodeIgniter\Database\BaseConnection->query('SELECT *\nFROM `...', Array, false)
#4 D:\xampp\htdocs\debitnote\system\Model.php(223): CodeIgniter\Database\BaseBuilder->get()
#5 D:\xampp\htdocs\debitnote\system\BaseModel.php(584): CodeIgniter\Model->doFindAll(0, 0)
#6 D:\xampp\htdocs\debitnote\app\Controllers\Report_engineer.php(29): CodeIgniter\BaseModel->findAll()
#7 D:\xampp\htdocs\debitnote\system\CodeIgniter.php(902): App\Controllers\Report_engineer->index()
#8 D:\xampp\htdocs\debitnote\system\CodeIgniter.php(457): CodeIgniter\CodeIgniter->runController(Object(App\Controllers\Report_engineer))
#9 D:\xampp\htdocs\debitnote\system\CodeIgniter.php(340): CodeIgniter\CodeIgniter->handleRequest(NULL, Object(Config\Cache), false)
#10 D:\xampp\htdocs\debitnote\index.php(67): CodeIgniter\CodeIgniter->run()
#11 {main}
CRITICAL - 2024-07-17 19:27:05 --> You have an error in your SQL syntax; check the manual that corresponds to your MariaDB server version for the right syntax to use near ')
GROUP BY `debitnote`' at line 8
in SYSTEMPATH\Database\MySQLi\Connection.php on line 292.
 1 SYSTEMPATH\Database\MySQLi\Connection.php(292): mysqli->query('SELECT *
FROM `ce`
WHERE `username` = \'eng\'
AND `app` IN (2,4)
AND   (
bukti_pembayaran IS NOT NULL
AND bukti_pembayaran != 
 )
GROUP BY `debitnote`', 0)
 2 SYSTEMPATH\Database\BaseConnection.php(693): CodeIgniter\Database\MySQLi\Connection->execute('SELECT *
FROM `ce`
WHERE `username` = \'eng\'
AND `app` IN (2,4)
AND   (
bukti_pembayaran IS NOT NULL
AND bukti_pembayaran != 
 )
GROUP BY `debitnote`')
 3 SYSTEMPATH\Database\BaseConnection.php(620): CodeIgniter\Database\BaseConnection->simpleQuery('SELECT *
FROM `ce`
WHERE `username` = \'eng\'
AND `app` IN (2,4)
AND   (
bukti_pembayaran IS NOT NULL
AND bukti_pembayaran != 
 )
GROUP BY `debitnote`')
 4 SYSTEMPATH\Database\BaseBuilder.php(1585): CodeIgniter\Database\BaseConnection->query('SELECT *
FROM `ce`
WHERE `username` = :username:
AND `app` IN :app:
AND   (
bukti_pembayaran IS NOT NULL
AND bukti_pembayaran != :bukti_pembayaran:
 )
GROUP BY `debitnote`', [...], false)
 5 SYSTEMPATH\Model.php(223): CodeIgniter\Database\BaseBuilder->get()
 6 SYSTEMPATH\BaseModel.php(584): CodeIgniter\Model->doFindAll(0, 0)
 7 APPPATH\Controllers\Report_engineer.php(29): CodeIgniter\BaseModel->findAll()
 8 SYSTEMPATH\CodeIgniter.php(902): App\Controllers\Report_engineer->index()
 9 SYSTEMPATH\CodeIgniter.php(457): CodeIgniter\CodeIgniter->runController(Object(App\Controllers\Report_engineer))
10 SYSTEMPATH\CodeIgniter.php(340): CodeIgniter\CodeIgniter->handleRequest(null, Object(Config\Cache), false)
11 FCPATH\index.php(67): CodeIgniter\CodeIgniter->run()
ERROR - 2024-07-17 19:27:58 --> mysqli_sql_exception: You have an error in your SQL syntax; check the manual that corresponds to your MariaDB server version for the right syntax to use near ')
GROUP BY `debitnote`' at line 8 in D:\xampp\htdocs\debitnote\system\Database\MySQLi\Connection.php:292
Stack trace:
#0 D:\xampp\htdocs\debitnote\system\Database\MySQLi\Connection.php(292): mysqli->query('SELECT *\nFROM `...', 0)
#1 D:\xampp\htdocs\debitnote\system\Database\BaseConnection.php(693): CodeIgniter\Database\MySQLi\Connection->execute('SELECT *\nFROM `...')
#2 D:\xampp\htdocs\debitnote\system\Database\BaseConnection.php(620): CodeIgniter\Database\BaseConnection->simpleQuery('SELECT *\nFROM `...')
#3 D:\xampp\htdocs\debitnote\system\Database\BaseBuilder.php(1585): CodeIgniter\Database\BaseConnection->query('SELECT *\nFROM `...', Array, false)
#4 D:\xampp\htdocs\debitnote\system\Model.php(223): CodeIgniter\Database\BaseBuilder->get()
#5 D:\xampp\htdocs\debitnote\system\BaseModel.php(584): CodeIgniter\Model->doFindAll(0, 0)
#6 D:\xampp\htdocs\debitnote\app\Controllers\Report_engineer.php(29): CodeIgniter\BaseModel->findAll()
#7 D:\xampp\htdocs\debitnote\system\CodeIgniter.php(902): App\Controllers\Report_engineer->index()
#8 D:\xampp\htdocs\debitnote\system\CodeIgniter.php(457): CodeIgniter\CodeIgniter->runController(Object(App\Controllers\Report_engineer))
#9 D:\xampp\htdocs\debitnote\system\CodeIgniter.php(340): CodeIgniter\CodeIgniter->handleRequest(NULL, Object(Config\Cache), false)
#10 D:\xampp\htdocs\debitnote\index.php(67): CodeIgniter\CodeIgniter->run()
#11 {main}
CRITICAL - 2024-07-17 19:27:58 --> You have an error in your SQL syntax; check the manual that corresponds to your MariaDB server version for the right syntax to use near ')
GROUP BY `debitnote`' at line 8
in SYSTEMPATH\Database\MySQLi\Connection.php on line 292.
 1 SYSTEMPATH\Database\MySQLi\Connection.php(292): mysqli->query('SELECT *
FROM `ce`
WHERE `username` = \'eng\'
AND `app` IN (2,4)
AND   (
bukti_pembayaran IS NOT NULL
OR bukti_pembayaran != 
 )
GROUP BY `debitnote`', 0)
 2 SYSTEMPATH\Database\BaseConnection.php(693): CodeIgniter\Database\MySQLi\Connection->execute('SELECT *
FROM `ce`
WHERE `username` = \'eng\'
AND `app` IN (2,4)
AND   (
bukti_pembayaran IS NOT NULL
OR bukti_pembayaran != 
 )
GROUP BY `debitnote`')
 3 SYSTEMPATH\Database\BaseConnection.php(620): CodeIgniter\Database\BaseConnection->simpleQuery('SELECT *
FROM `ce`
WHERE `username` = \'eng\'
AND `app` IN (2,4)
AND   (
bukti_pembayaran IS NOT NULL
OR bukti_pembayaran != 
 )
GROUP BY `debitnote`')
 4 SYSTEMPATH\Database\BaseBuilder.php(1585): CodeIgniter\Database\BaseConnection->query('SELECT *
FROM `ce`
WHERE `username` = :username:
AND `app` IN :app:
AND   (
bukti_pembayaran IS NOT NULL
OR bukti_pembayaran != :bukti_pembayaran:
 )
GROUP BY `debitnote`', [...], false)
 5 SYSTEMPATH\Model.php(223): CodeIgniter\Database\BaseBuilder->get()
 6 SYSTEMPATH\BaseModel.php(584): CodeIgniter\Model->doFindAll(0, 0)
 7 APPPATH\Controllers\Report_engineer.php(29): CodeIgniter\BaseModel->findAll()
 8 SYSTEMPATH\CodeIgniter.php(902): App\Controllers\Report_engineer->index()
 9 SYSTEMPATH\CodeIgniter.php(457): CodeIgniter\CodeIgniter->runController(Object(App\Controllers\Report_engineer))
10 SYSTEMPATH\CodeIgniter.php(340): CodeIgniter\CodeIgniter->handleRequest(null, Object(Config\Cache), false)
11 FCPATH\index.php(67): CodeIgniter\CodeIgniter->run()
ERROR - 2024-07-17 19:28:00 --> mysqli_sql_exception: You have an error in your SQL syntax; check the manual that corresponds to your MariaDB server version for the right syntax to use near ')
GROUP BY `debitnote`' at line 8 in D:\xampp\htdocs\debitnote\system\Database\MySQLi\Connection.php:292
Stack trace:
#0 D:\xampp\htdocs\debitnote\system\Database\MySQLi\Connection.php(292): mysqli->query('SELECT *\nFROM `...', 0)
#1 D:\xampp\htdocs\debitnote\system\Database\BaseConnection.php(693): CodeIgniter\Database\MySQLi\Connection->execute('SELECT *\nFROM `...')
#2 D:\xampp\htdocs\debitnote\system\Database\BaseConnection.php(620): CodeIgniter\Database\BaseConnection->simpleQuery('SELECT *\nFROM `...')
#3 D:\xampp\htdocs\debitnote\system\Database\BaseBuilder.php(1585): CodeIgniter\Database\BaseConnection->query('SELECT *\nFROM `...', Array, false)
#4 D:\xampp\htdocs\debitnote\system\Model.php(223): CodeIgniter\Database\BaseBuilder->get()
#5 D:\xampp\htdocs\debitnote\system\BaseModel.php(584): CodeIgniter\Model->doFindAll(0, 0)
#6 D:\xampp\htdocs\debitnote\app\Controllers\Report_engineer.php(29): CodeIgniter\BaseModel->findAll()
#7 D:\xampp\htdocs\debitnote\system\CodeIgniter.php(902): App\Controllers\Report_engineer->index()
#8 D:\xampp\htdocs\debitnote\system\CodeIgniter.php(457): CodeIgniter\CodeIgniter->runController(Object(App\Controllers\Report_engineer))
#9 D:\xampp\htdocs\debitnote\system\CodeIgniter.php(340): CodeIgniter\CodeIgniter->handleRequest(NULL, Object(Config\Cache), false)
#10 D:\xampp\htdocs\debitnote\index.php(67): CodeIgniter\CodeIgniter->run()
#11 {main}
CRITICAL - 2024-07-17 19:28:00 --> You have an error in your SQL syntax; check the manual that corresponds to your MariaDB server version for the right syntax to use near ')
GROUP BY `debitnote`' at line 8
in SYSTEMPATH\Database\MySQLi\Connection.php on line 292.
 1 SYSTEMPATH\Database\MySQLi\Connection.php(292): mysqli->query('SELECT *
FROM `ce`
WHERE `username` = \'eng\'
AND `app` IN (2,4)
AND   (
bukti_pembayaran IS NOT NULL
OR bukti_pembayaran != 
 )
GROUP BY `debitnote`', 0)
 2 SYSTEMPATH\Database\BaseConnection.php(693): CodeIgniter\Database\MySQLi\Connection->execute('SELECT *
FROM `ce`
WHERE `username` = \'eng\'
AND `app` IN (2,4)
AND   (
bukti_pembayaran IS NOT NULL
OR bukti_pembayaran != 
 )
GROUP BY `debitnote`')
 3 SYSTEMPATH\Database\BaseConnection.php(620): CodeIgniter\Database\BaseConnection->simpleQuery('SELECT *
FROM `ce`
WHERE `username` = \'eng\'
AND `app` IN (2,4)
AND   (
bukti_pembayaran IS NOT NULL
OR bukti_pembayaran != 
 )
GROUP BY `debitnote`')
 4 SYSTEMPATH\Database\BaseBuilder.php(1585): CodeIgniter\Database\BaseConnection->query('SELECT *
FROM `ce`
WHERE `username` = :username:
AND `app` IN :app:
AND   (
bukti_pembayaran IS NOT NULL
OR bukti_pembayaran != :bukti_pembayaran:
 )
GROUP BY `debitnote`', [...], false)
 5 SYSTEMPATH\Model.php(223): CodeIgniter\Database\BaseBuilder->get()
 6 SYSTEMPATH\BaseModel.php(584): CodeIgniter\Model->doFindAll(0, 0)
 7 APPPATH\Controllers\Report_engineer.php(29): CodeIgniter\BaseModel->findAll()
 8 SYSTEMPATH\CodeIgniter.php(902): App\Controllers\Report_engineer->index()
 9 SYSTEMPATH\CodeIgniter.php(457): CodeIgniter\CodeIgniter->runController(Object(App\Controllers\Report_engineer))
10 SYSTEMPATH\CodeIgniter.php(340): CodeIgniter\CodeIgniter->handleRequest(null, Object(Config\Cache), false)
11 FCPATH\index.php(67): CodeIgniter\CodeIgniter->run()
