CRITICAL - 2025-01-03 10:35:59 --> Call to undefined function uppercase()
in APPPATH\Views\vendor.php on line 8.
 1 SYSTEMPATH\View\View.php(213): include()
 2 SYSTEMPATH\View\View.php(216): CodeIgniter\View\View->CodeIgniter\View\{closure}()
 3 SYSTEMPATH\Common.php(1142): CodeIgniter\View\View->render('FCPATH\\vendor', [], true)
 4 APPPATH\Controllers\Vendors.php(50): view('FCPATH\\vendor', [...])
 5 SYSTEMPATH\CodeIgniter.php(902): App\Controllers\Vendors->index()
 6 SYSTEMPATH\CodeIgniter.php(457): CodeIgniter\CodeIgniter->runController(Object(App\Controllers\Vendors))
 7 SYSTEMPATH\CodeIgniter.php(340): CodeIgniter\CodeIgniter->handleRequest(null, Object(Config\Cache), false)
 8 FCPATH\index.php(67): CodeIgniter\CodeIgniter->run()
CRITICAL - 2025-01-03 10:44:22 --> Call to undefined function App\Controllers\findAll()
in APPPATH\Controllers\Vendors.php on line 37.
 1 SYSTEMPATH\CodeIgniter.php(902): App\Controllers\Vendors->index()
 2 SYSTEMPATH\CodeIgniter.php(457): CodeIgniter\CodeIgniter->runController(Object(App\Controllers\Vendors))
 3 SYSTEMPATH\CodeIgniter.php(340): CodeIgniter\CodeIgniter->handleRequest(null, Object(Config\Cache), false)
 4 FCPATH\index.php(67): CodeIgniter\CodeIgniter->run()
CRITICAL - 2025-01-03 13:55:50 --> Undefined variable $app_roc
in APPPATH\Views\vendor.php on line 27.
 1 APPPATH\Views\vendor.php(27): CodeIgniter\Debug\Exceptions->errorHandler(2, 'Undefined variable $app_roc', 'APPPATH\\Views\\vendor.php', 27)
 2 SYSTEMPATH\View\View.php(213): include('APPPATH\\Views\\vendor.php')
 3 SYSTEMPATH\View\View.php(216): CodeIgniter\View\View->CodeIgniter\View\{closure}()
 4 SYSTEMPATH\Common.php(1142): CodeIgniter\View\View->render('FCPATH\\vendor', [], true)
 5 APPPATH\Controllers\Vendors.php(67): view('FCPATH\\vendor', [...])
 6 SYSTEMPATH\CodeIgniter.php(902): App\Controllers\Vendors->index()
 7 SYSTEMPATH\CodeIgniter.php(457): CodeIgniter\CodeIgniter->runController(Object(App\Controllers\Vendors))
 8 SYSTEMPATH\CodeIgniter.php(340): CodeIgniter\CodeIgniter->handleRequest(null, Object(Config\Cache), false)
 9 FCPATH\index.php(67): CodeIgniter\CodeIgniter->run()
CRITICAL - 2025-01-03 14:16:38 --> Undefined variable $app_ce
in APPPATH\Views\vendor.php on line 27.
 1 APPPATH\Views\vendor.php(27): CodeIgniter\Debug\Exceptions->errorHandler(2, 'Undefined variable $app_ce', 'APPPATH\\Views\\vendor.php', 27)
 2 SYSTEMPATH\View\View.php(213): include('APPPATH\\Views\\vendor.php')
 3 SYSTEMPATH\View\View.php(216): CodeIgniter\View\View->CodeIgniter\View\{closure}()
 4 SYSTEMPATH\Common.php(1142): CodeIgniter\View\View->render('FCPATH\\vendor', [], true)
 5 APPPATH\Controllers\Vendors.php(60): view('FCPATH\\vendor', [...])
 6 SYSTEMPATH\CodeIgniter.php(902): App\Controllers\Vendors->index()
 7 SYSTEMPATH\CodeIgniter.php(457): CodeIgniter\CodeIgniter->runController(Object(App\Controllers\Vendors))
 8 SYSTEMPATH\CodeIgniter.php(340): CodeIgniter\CodeIgniter->handleRequest(null, Object(Config\Cache), false)
 9 FCPATH\index.php(67): CodeIgniter\CodeIgniter->run()
CRITICAL - 2025-01-03 14:16:47 --> Array to string conversion
in APPPATH\Views\vendor.php on line 41.
 1 APPPATH\Views\vendor.php(41): CodeIgniter\Debug\Exceptions->errorHandler(2, 'Array to string conversion', 'APPPATH\\Views\\vendor.php', 41)
 2 SYSTEMPATH\View\View.php(213): include('APPPATH\\Views\\vendor.php')
 3 SYSTEMPATH\View\View.php(216): CodeIgniter\View\View->CodeIgniter\View\{closure}()
 4 SYSTEMPATH\Common.php(1142): CodeIgniter\View\View->render('FCPATH\\vendor', [], true)
 5 APPPATH\Controllers\Vendors.php(60): view('FCPATH\\vendor', [...])
 6 SYSTEMPATH\CodeIgniter.php(902): App\Controllers\Vendors->index()
 7 SYSTEMPATH\CodeIgniter.php(457): CodeIgniter\CodeIgniter->runController(Object(App\Controllers\Vendors))
 8 SYSTEMPATH\CodeIgniter.php(340): CodeIgniter\CodeIgniter->handleRequest(null, Object(Config\Cache), false)
 9 FCPATH\index.php(67): CodeIgniter\CodeIgniter->run()
CRITICAL - 2025-01-03 14:18:59 --> Array to string conversion
in APPPATH\Views\vendor.php on line 69.
 1 APPPATH\Views\vendor.php(69): CodeIgniter\Debug\Exceptions->errorHandler(2, 'Array to string conversion', 'APPPATH\\Views\\vendor.php', 69)
 2 SYSTEMPATH\View\View.php(213): include('APPPATH\\Views\\vendor.php')
 3 SYSTEMPATH\View\View.php(216): CodeIgniter\View\View->CodeIgniter\View\{closure}()
 4 SYSTEMPATH\Common.php(1142): CodeIgniter\View\View->render('FCPATH\\vendor', [], true)
 5 APPPATH\Controllers\Vendors.php(62): view('FCPATH\\vendor', [...])
 6 SYSTEMPATH\CodeIgniter.php(902): App\Controllers\Vendors->index()
 7 SYSTEMPATH\CodeIgniter.php(457): CodeIgniter\CodeIgniter->runController(Object(App\Controllers\Vendors))
 8 SYSTEMPATH\CodeIgniter.php(340): CodeIgniter\CodeIgniter->handleRequest(null, Object(Config\Cache), false)
 9 FCPATH\index.php(67): CodeIgniter\CodeIgniter->run()
CRITICAL - 2025-01-03 14:20:03 --> Array to string conversion
in APPPATH\Views\vendor.php on line 69.
 1 APPPATH\Views\vendor.php(69): CodeIgniter\Debug\Exceptions->errorHandler(2, 'Array to string conversion', 'APPPATH\\Views\\vendor.php', 69)
 2 SYSTEMPATH\View\View.php(213): include('APPPATH\\Views\\vendor.php')
 3 SYSTEMPATH\View\View.php(216): CodeIgniter\View\View->CodeIgniter\View\{closure}()
 4 SYSTEMPATH\Common.php(1142): CodeIgniter\View\View->render('FCPATH\\vendor', [], true)
 5 APPPATH\Controllers\Vendors.php(62): view('FCPATH\\vendor', [...])
 6 SYSTEMPATH\CodeIgniter.php(902): App\Controllers\Vendors->index()
 7 SYSTEMPATH\CodeIgniter.php(457): CodeIgniter\CodeIgniter->runController(Object(App\Controllers\Vendors))
 8 SYSTEMPATH\CodeIgniter.php(340): CodeIgniter\CodeIgniter->handleRequest(null, Object(Config\Cache), false)
 9 FCPATH\index.php(67): CodeIgniter\CodeIgniter->run()
CRITICAL - 2025-01-03 14:25:19 --> syntax error, unexpected token ":"
in APPPATH\Views\vendor.php on line 109.
 1 SYSTEMPATH\View\View.php(216): CodeIgniter\View\View->CodeIgniter\View\{closure}()
 2 SYSTEMPATH\Common.php(1142): CodeIgniter\View\View->render('FCPATH\\vendor', [], true)
 3 APPPATH\Controllers\Vendors.php(64): view('FCPATH\\vendor', [...])
 4 SYSTEMPATH\CodeIgniter.php(902): App\Controllers\Vendors->index()
 5 SYSTEMPATH\CodeIgniter.php(457): CodeIgniter\CodeIgniter->runController(Object(App\Controllers\Vendors))
 6 SYSTEMPATH\CodeIgniter.php(340): CodeIgniter\CodeIgniter->handleRequest(null, Object(Config\Cache), false)
 7 FCPATH\index.php(67): CodeIgniter\CodeIgniter->run()
CRITICAL - 2025-01-03 14:29:09 --> syntax error, unexpected token "else"
in APPPATH\Views\vendor.php on line 179.
 1 SYSTEMPATH\View\View.php(216): CodeIgniter\View\View->CodeIgniter\View\{closure}()
 2 SYSTEMPATH\Common.php(1142): CodeIgniter\View\View->render('FCPATH\\vendor', [], true)
 3 APPPATH\Controllers\Vendors.php(64): view('FCPATH\\vendor', [...])
 4 SYSTEMPATH\CodeIgniter.php(902): App\Controllers\Vendors->index()
 5 SYSTEMPATH\CodeIgniter.php(457): CodeIgniter\CodeIgniter->runController(Object(App\Controllers\Vendors))
 6 SYSTEMPATH\CodeIgniter.php(340): CodeIgniter\CodeIgniter->handleRequest(null, Object(Config\Cache), false)
 7 FCPATH\index.php(67): CodeIgniter\CodeIgniter->run()
CRITICAL - 2025-01-03 14:33:41 --> Undefined array key "debitnote"
in APPPATH\Views\vendor.php on line 203.
 1 APPPATH\Views\vendor.php(203): CodeIgniter\Debug\Exceptions->errorHandler(2, 'Undefined array key "debitnote"', 'APPPATH\\Views\\vendor.php', 203)
 2 SYSTEMPATH\View\View.php(213): include('APPPATH\\Views\\vendor.php')
 3 SYSTEMPATH\View\View.php(216): CodeIgniter\View\View->CodeIgniter\View\{closure}()
 4 SYSTEMPATH\Common.php(1142): CodeIgniter\View\View->render('FCPATH\\vendor', [], true)
 5 APPPATH\Controllers\Vendors.php(64): view('FCPATH\\vendor', [...])
 6 SYSTEMPATH\CodeIgniter.php(902): App\Controllers\Vendors->index()
 7 SYSTEMPATH\CodeIgniter.php(457): CodeIgniter\CodeIgniter->runController(Object(App\Controllers\Vendors))
 8 SYSTEMPATH\CodeIgniter.php(340): CodeIgniter\CodeIgniter->handleRequest(null, Object(Config\Cache), false)
 9 FCPATH\index.php(67): CodeIgniter\CodeIgniter->run()
CRITICAL - 2025-01-03 14:37:50 --> syntax error, unexpected token "else", expecting end of file
in APPPATH\Views\vendor.php on line 176.
 1 SYSTEMPATH\View\View.php(216): CodeIgniter\View\View->CodeIgniter\View\{closure}()
 2 SYSTEMPATH\Common.php(1142): CodeIgniter\View\View->render('FCPATH\\vendor', [], true)
 3 APPPATH\Controllers\Vendors.php(64): view('FCPATH\\vendor', [...])
 4 SYSTEMPATH\CodeIgniter.php(902): App\Controllers\Vendors->index()
 5 SYSTEMPATH\CodeIgniter.php(457): CodeIgniter\CodeIgniter->runController(Object(App\Controllers\Vendors))
 6 SYSTEMPATH\CodeIgniter.php(340): CodeIgniter\CodeIgniter->handleRequest(null, Object(Config\Cache), false)
 7 FCPATH\index.php(67): CodeIgniter\CodeIgniter->run()
CRITICAL - 2025-01-03 14:39:24 --> syntax error, unexpected token "endif"
in APPPATH\Views\vendor.php on line 171.
 1 SYSTEMPATH\View\View.php(216): CodeIgniter\View\View->CodeIgniter\View\{closure}()
 2 SYSTEMPATH\Common.php(1142): CodeIgniter\View\View->render('FCPATH\\vendor', [], true)
 3 APPPATH\Controllers\Vendors.php(64): view('FCPATH\\vendor', [...])
 4 SYSTEMPATH\CodeIgniter.php(902): App\Controllers\Vendors->index()
 5 SYSTEMPATH\CodeIgniter.php(457): CodeIgniter\CodeIgniter->runController(Object(App\Controllers\Vendors))
 6 SYSTEMPATH\CodeIgniter.php(340): CodeIgniter\CodeIgniter->handleRequest(null, Object(Config\Cache), false)
 7 FCPATH\index.php(67): CodeIgniter\CodeIgniter->run()
CRITICAL - 2025-01-03 14:39:36 --> syntax error, unexpected end of file
in APPPATH\Views\vendor.php on line 386.
 1 SYSTEMPATH\View\View.php(216): CodeIgniter\View\View->CodeIgniter\View\{closure}()
 2 SYSTEMPATH\Common.php(1142): CodeIgniter\View\View->render('FCPATH\\vendor', [], true)
 3 APPPATH\Controllers\Vendors.php(64): view('FCPATH\\vendor', [...])
 4 SYSTEMPATH\CodeIgniter.php(902): App\Controllers\Vendors->index()
 5 SYSTEMPATH\CodeIgniter.php(457): CodeIgniter\CodeIgniter->runController(Object(App\Controllers\Vendors))
 6 SYSTEMPATH\CodeIgniter.php(340): CodeIgniter\CodeIgniter->handleRequest(null, Object(Config\Cache), false)
 7 FCPATH\index.php(67): CodeIgniter\CodeIgniter->run()
CRITICAL - 2025-01-03 14:41:14 --> Undefined array key "debitnote"
in APPPATH\Views\vendor.php on line 107.
 1 APPPATH\Views\vendor.php(107): CodeIgniter\Debug\Exceptions->errorHandler(2, 'Undefined array key "debitnote"', 'APPPATH\\Views\\vendor.php', 107)
 2 SYSTEMPATH\View\View.php(213): include('APPPATH\\Views\\vendor.php')
 3 SYSTEMPATH\View\View.php(216): CodeIgniter\View\View->CodeIgniter\View\{closure}()
 4 SYSTEMPATH\Common.php(1142): CodeIgniter\View\View->render('FCPATH\\vendor', [], true)
 5 APPPATH\Controllers\Vendors.php(64): view('FCPATH\\vendor', [...])
 6 SYSTEMPATH\CodeIgniter.php(902): App\Controllers\Vendors->index()
 7 SYSTEMPATH\CodeIgniter.php(457): CodeIgniter\CodeIgniter->runController(Object(App\Controllers\Vendors))
 8 SYSTEMPATH\CodeIgniter.php(340): CodeIgniter\CodeIgniter->handleRequest(null, Object(Config\Cache), false)
 9 FCPATH\index.php(67): CodeIgniter\CodeIgniter->run()
CRITICAL - 2025-01-03 14:43:44 --> Undefined array key "debitnum"
in APPPATH\Views\vendor.php on line 76.
 1 APPPATH\Views\vendor.php(76): CodeIgniter\Debug\Exceptions->errorHandler(2, 'Undefined array key "debitnum"', 'APPPATH\\Views\\vendor.php', 76)
 2 SYSTEMPATH\View\View.php(213): include('APPPATH\\Views\\vendor.php')
 3 SYSTEMPATH\View\View.php(216): CodeIgniter\View\View->CodeIgniter\View\{closure}()
 4 SYSTEMPATH\Common.php(1142): CodeIgniter\View\View->render('FCPATH\\vendor', [], true)
 5 APPPATH\Controllers\Vendors.php(64): view('FCPATH\\vendor', [...])
 6 SYSTEMPATH\CodeIgniter.php(902): App\Controllers\Vendors->index()
 7 SYSTEMPATH\CodeIgniter.php(457): CodeIgniter\CodeIgniter->runController(Object(App\Controllers\Vendors))
 8 SYSTEMPATH\CodeIgniter.php(340): CodeIgniter\CodeIgniter->handleRequest(null, Object(Config\Cache), false)
 9 FCPATH\index.php(67): CodeIgniter\CodeIgniter->run()
CRITICAL - 2025-01-03 14:45:35 --> Undefined array key "debitnum"
in APPPATH\Views\vendor.php on line 76.
 1 APPPATH\Views\vendor.php(76): CodeIgniter\Debug\Exceptions->errorHandler(2, 'Undefined array key "debitnum"', 'APPPATH\\Views\\vendor.php', 76)
 2 SYSTEMPATH\View\View.php(213): include('APPPATH\\Views\\vendor.php')
 3 SYSTEMPATH\View\View.php(216): CodeIgniter\View\View->CodeIgniter\View\{closure}()
 4 SYSTEMPATH\Common.php(1142): CodeIgniter\View\View->render('FCPATH\\vendor', [], true)
 5 APPPATH\Controllers\Vendors.php(64): view('FCPATH\\vendor', [...])
 6 SYSTEMPATH\CodeIgniter.php(902): App\Controllers\Vendors->index()
 7 SYSTEMPATH\CodeIgniter.php(457): CodeIgniter\CodeIgniter->runController(Object(App\Controllers\Vendors))
 8 SYSTEMPATH\CodeIgniter.php(340): CodeIgniter\CodeIgniter->handleRequest(null, Object(Config\Cache), false)
 9 FCPATH\index.php(67): CodeIgniter\CodeIgniter->run()
CRITICAL - 2025-01-03 14:46:17 --> Undefined array key "debitnum"
in APPPATH\Views\vendor.php on line 76.
 1 APPPATH\Views\vendor.php(76): CodeIgniter\Debug\Exceptions->errorHandler(2, 'Undefined array key "debitnum"', 'APPPATH\\Views\\vendor.php', 76)
 2 SYSTEMPATH\View\View.php(213): include('APPPATH\\Views\\vendor.php')
 3 SYSTEMPATH\View\View.php(216): CodeIgniter\View\View->CodeIgniter\View\{closure}()
 4 SYSTEMPATH\Common.php(1142): CodeIgniter\View\View->render('FCPATH\\vendor', [], true)
 5 APPPATH\Controllers\Vendors.php(68): view('FCPATH\\vendor', [...])
 6 SYSTEMPATH\CodeIgniter.php(902): App\Controllers\Vendors->index()
 7 SYSTEMPATH\CodeIgniter.php(457): CodeIgniter\CodeIgniter->runController(Object(App\Controllers\Vendors))
 8 SYSTEMPATH\CodeIgniter.php(340): CodeIgniter\CodeIgniter->handleRequest(null, Object(Config\Cache), false)
 9 FCPATH\index.php(67): CodeIgniter\CodeIgniter->run()
CRITICAL - 2025-01-03 14:46:19 --> Undefined array key "debitnum"
in APPPATH\Views\vendor.php on line 76.
 1 APPPATH\Views\vendor.php(76): CodeIgniter\Debug\Exceptions->errorHandler(2, 'Undefined array key "debitnum"', 'APPPATH\\Views\\vendor.php', 76)
 2 SYSTEMPATH\View\View.php(213): include('APPPATH\\Views\\vendor.php')
 3 SYSTEMPATH\View\View.php(216): CodeIgniter\View\View->CodeIgniter\View\{closure}()
 4 SYSTEMPATH\Common.php(1142): CodeIgniter\View\View->render('FCPATH\\vendor', [], true)
 5 APPPATH\Controllers\Vendors.php(68): view('FCPATH\\vendor', [...])
 6 SYSTEMPATH\CodeIgniter.php(902): App\Controllers\Vendors->index()
 7 SYSTEMPATH\CodeIgniter.php(457): CodeIgniter\CodeIgniter->runController(Object(App\Controllers\Vendors))
 8 SYSTEMPATH\CodeIgniter.php(340): CodeIgniter\CodeIgniter->handleRequest(null, Object(Config\Cache), false)
 9 FCPATH\index.php(67): CodeIgniter\CodeIgniter->run()
CRITICAL - 2025-01-03 14:46:23 --> Undefined array key "debitnum"
in APPPATH\Views\vendor.php on line 76.
 1 APPPATH\Views\vendor.php(76): CodeIgniter\Debug\Exceptions->errorHandler(2, 'Undefined array key "debitnum"', 'APPPATH\\Views\\vendor.php', 76)
 2 SYSTEMPATH\View\View.php(213): include('APPPATH\\Views\\vendor.php')
 3 SYSTEMPATH\View\View.php(216): CodeIgniter\View\View->CodeIgniter\View\{closure}()
 4 SYSTEMPATH\Common.php(1142): CodeIgniter\View\View->render('FCPATH\\vendor', [], true)
 5 APPPATH\Controllers\Vendors.php(68): view('FCPATH\\vendor', [...])
 6 SYSTEMPATH\CodeIgniter.php(902): App\Controllers\Vendors->index()
 7 SYSTEMPATH\CodeIgniter.php(457): CodeIgniter\CodeIgniter->runController(Object(App\Controllers\Vendors))
 8 SYSTEMPATH\CodeIgniter.php(340): CodeIgniter\CodeIgniter->handleRequest(null, Object(Config\Cache), false)
 9 FCPATH\index.php(67): CodeIgniter\CodeIgniter->run()
CRITICAL - 2025-01-03 14:46:32 --> Undefined array key "debitnum"
in APPPATH\Views\vendor.php on line 76.
 1 APPPATH\Views\vendor.php(76): CodeIgniter\Debug\Exceptions->errorHandler(2, 'Undefined array key "debitnum"', 'APPPATH\\Views\\vendor.php', 76)
 2 SYSTEMPATH\View\View.php(213): include('APPPATH\\Views\\vendor.php')
 3 SYSTEMPATH\View\View.php(216): CodeIgniter\View\View->CodeIgniter\View\{closure}()
 4 SYSTEMPATH\Common.php(1142): CodeIgniter\View\View->render('FCPATH\\vendor', [], true)
 5 APPPATH\Controllers\Vendors.php(68): view('FCPATH\\vendor', [...])
 6 SYSTEMPATH\CodeIgniter.php(902): App\Controllers\Vendors->index()
 7 SYSTEMPATH\CodeIgniter.php(457): CodeIgniter\CodeIgniter->runController(Object(App\Controllers\Vendors))
 8 SYSTEMPATH\CodeIgniter.php(340): CodeIgniter\CodeIgniter->handleRequest(null, Object(Config\Cache), false)
 9 FCPATH\index.php(67): CodeIgniter\CodeIgniter->run()
CRITICAL - 2025-01-03 15:34:02 --> Undefined variable $budget_attachment
in APPPATH\Controllers\Detail_report.php on line 198.
 1 APPPATH\Controllers\Detail_report.php(198): CodeIgniter\Debug\Exceptions->errorHandler(2, 'Undefined variable $budget_attachment', 'APPPATH\\Controllers\\Detail_report.php', 198)
 2 SYSTEMPATH\CodeIgniter.php(902): App\Controllers\Detail_report->index()
 3 SYSTEMPATH\CodeIgniter.php(457): CodeIgniter\CodeIgniter->runController(Object(App\Controllers\Detail_report))
 4 SYSTEMPATH\CodeIgniter.php(340): CodeIgniter\CodeIgniter->handleRequest(null, Object(Config\Cache), false)
 5 FCPATH\index.php(67): CodeIgniter\CodeIgniter->run()
CRITICAL - 2025-01-03 15:34:39 --> Undefined variable $budget_attachment
in APPPATH\Controllers\Detail_report.php on line 198.
 1 APPPATH\Controllers\Detail_report.php(198): CodeIgniter\Debug\Exceptions->errorHandler(2, 'Undefined variable $budget_attachment', 'APPPATH\\Controllers\\Detail_report.php', 198)
 2 SYSTEMPATH\CodeIgniter.php(902): App\Controllers\Detail_report->index()
 3 SYSTEMPATH\CodeIgniter.php(457): CodeIgniter\CodeIgniter->runController(Object(App\Controllers\Detail_report))
 4 SYSTEMPATH\CodeIgniter.php(340): CodeIgniter\CodeIgniter->handleRequest(null, Object(Config\Cache), false)
 5 FCPATH\index.php(67): CodeIgniter\CodeIgniter->run()
CRITICAL - 2025-01-03 15:35:47 --> Undefined variable $budget_attachment
in APPPATH\Controllers\Detail_report.php on line 198.
 1 APPPATH\Controllers\Detail_report.php(198): CodeIgniter\Debug\Exceptions->errorHandler(2, 'Undefined variable $budget_attachment', 'APPPATH\\Controllers\\Detail_report.php', 198)
 2 SYSTEMPATH\CodeIgniter.php(902): App\Controllers\Detail_report->index()
 3 SYSTEMPATH\CodeIgniter.php(457): CodeIgniter\CodeIgniter->runController(Object(App\Controllers\Detail_report))
 4 SYSTEMPATH\CodeIgniter.php(340): CodeIgniter\CodeIgniter->handleRequest(null, Object(Config\Cache), false)
 5 FCPATH\index.php(67): CodeIgniter\CodeIgniter->run()
CRITICAL - 2025-01-03 15:36:26 --> Undefined variable $debitnote
in APPPATH\Controllers\Detail_report.php on line 22.
 1 APPPATH\Controllers\Detail_report.php(22): CodeIgniter\Debug\Exceptions->errorHandler(2, 'Undefined variable $debitnote', 'APPPATH\\Controllers\\Detail_report.php', 22)
 2 SYSTEMPATH\CodeIgniter.php(902): App\Controllers\Detail_report->index()
 3 SYSTEMPATH\CodeIgniter.php(457): CodeIgniter\CodeIgniter->runController(Object(App\Controllers\Detail_report))
 4 SYSTEMPATH\CodeIgniter.php(340): CodeIgniter\CodeIgniter->handleRequest(null, Object(Config\Cache), false)
 5 FCPATH\index.php(67): CodeIgniter\CodeIgniter->run()
CRITICAL - 2025-01-03 15:36:49 --> Undefined variable $debitnote
in APPPATH\Controllers\Detail_report.php on line 22.
 1 APPPATH\Controllers\Detail_report.php(22): CodeIgniter\Debug\Exceptions->errorHandler(2, 'Undefined variable $debitnote', 'APPPATH\\Controllers\\Detail_report.php', 22)
 2 SYSTEMPATH\CodeIgniter.php(902): App\Controllers\Detail_report->index()
 3 SYSTEMPATH\CodeIgniter.php(457): CodeIgniter\CodeIgniter->runController(Object(App\Controllers\Detail_report))
 4 SYSTEMPATH\CodeIgniter.php(340): CodeIgniter\CodeIgniter->handleRequest(null, Object(Config\Cache), false)
 5 FCPATH\index.php(67): CodeIgniter\CodeIgniter->run()
CRITICAL - 2025-01-03 15:37:34 --> Undefined variable $budget_attachment
in APPPATH\Controllers\Detail_report.php on line 200.
 1 APPPATH\Controllers\Detail_report.php(200): CodeIgniter\Debug\Exceptions->errorHandler(2, 'Undefined variable $budget_attachment', 'APPPATH\\Controllers\\Detail_report.php', 200)
 2 SYSTEMPATH\CodeIgniter.php(902): App\Controllers\Detail_report->index()
 3 SYSTEMPATH\CodeIgniter.php(457): CodeIgniter\CodeIgniter->runController(Object(App\Controllers\Detail_report))
 4 SYSTEMPATH\CodeIgniter.php(340): CodeIgniter\CodeIgniter->handleRequest(null, Object(Config\Cache), false)
 5 FCPATH\index.php(67): CodeIgniter\CodeIgniter->run()
CRITICAL - 2025-01-03 15:41:00 --> Undefined variable $budget_attachment
in APPPATH\Controllers\Detail_report.php on line 200.
 1 APPPATH\Controllers\Detail_report.php(200): CodeIgniter\Debug\Exceptions->errorHandler(2, 'Undefined variable $budget_attachment', 'APPPATH\\Controllers\\Detail_report.php', 200)
 2 SYSTEMPATH\CodeIgniter.php(902): App\Controllers\Detail_report->index()
 3 SYSTEMPATH\CodeIgniter.php(457): CodeIgniter\CodeIgniter->runController(Object(App\Controllers\Detail_report))
 4 SYSTEMPATH\CodeIgniter.php(340): CodeIgniter\CodeIgniter->handleRequest(null, Object(Config\Cache), false)
 5 FCPATH\index.php(67): CodeIgniter\CodeIgniter->run()
CRITICAL - 2025-01-03 15:41:03 --> Undefined array key "revision"
in APPPATH\Controllers\Detail_returned.php on line 56.
 1 APPPATH\Controllers\Detail_returned.php(56): CodeIgniter\Debug\Exceptions->errorHandler(2, 'Undefined array key "revision"', 'APPPATH\\Controllers\\Detail_returned.php', 56)
 2 SYSTEMPATH\CodeIgniter.php(902): App\Controllers\Detail_returned->index()
 3 SYSTEMPATH\CodeIgniter.php(457): CodeIgniter\CodeIgniter->runController(Object(App\Controllers\Detail_returned))
 4 SYSTEMPATH\CodeIgniter.php(340): CodeIgniter\CodeIgniter->handleRequest(null, Object(Config\Cache), false)
 5 FCPATH\index.php(67): CodeIgniter\CodeIgniter->run()
CRITICAL - 2025-01-03 15:47:48 --> Undefined variable $budget_attachment
in APPPATH\Controllers\Detail_report.php on line 200.
 1 APPPATH\Controllers\Detail_report.php(200): CodeIgniter\Debug\Exceptions->errorHandler(2, 'Undefined variable $budget_attachment', 'APPPATH\\Controllers\\Detail_report.php', 200)
 2 SYSTEMPATH\CodeIgniter.php(902): App\Controllers\Detail_report->index()
 3 SYSTEMPATH\CodeIgniter.php(457): CodeIgniter\CodeIgniter->runController(Object(App\Controllers\Detail_report))
 4 SYSTEMPATH\CodeIgniter.php(340): CodeIgniter\CodeIgniter->handleRequest(null, Object(Config\Cache), false)
 5 FCPATH\index.php(67): CodeIgniter\CodeIgniter->run()
CRITICAL - 2025-01-03 16:11:25 --> Undefined variable $budget_attachment
in APPPATH\Controllers\Detail_report.php on line 200.
 1 APPPATH\Controllers\Detail_report.php(200): CodeIgniter\Debug\Exceptions->errorHandler(2, 'Undefined variable $budget_attachment', 'APPPATH\\Controllers\\Detail_report.php', 200)
 2 SYSTEMPATH\CodeIgniter.php(902): App\Controllers\Detail_report->index()
 3 SYSTEMPATH\CodeIgniter.php(457): CodeIgniter\CodeIgniter->runController(Object(App\Controllers\Detail_report))
 4 SYSTEMPATH\CodeIgniter.php(340): CodeIgniter\CodeIgniter->handleRequest(null, Object(Config\Cache), false)
 5 FCPATH\index.php(67): CodeIgniter\CodeIgniter->run()
CRITICAL - 2025-01-03 16:12:03 --> syntax error, unexpected end of file, expecting "elseif" or "else" or "endif"
in APPPATH\Views\detail_returned.php on line 278.
 1 SYSTEMPATH\View\View.php(216): CodeIgniter\View\View->CodeIgniter\View\{closure}()
 2 SYSTEMPATH\Common.php(1142): CodeIgniter\View\View->render('detail_returned', [], true)
 3 APPPATH\Controllers\Detail_returned.php(80): view('detail_returned', [...])
 4 SYSTEMPATH\CodeIgniter.php(902): App\Controllers\Detail_returned->index()
 5 SYSTEMPATH\CodeIgniter.php(457): CodeIgniter\CodeIgniter->runController(Object(App\Controllers\Detail_returned))
 6 SYSTEMPATH\CodeIgniter.php(340): CodeIgniter\CodeIgniter->handleRequest(null, Object(Config\Cache), false)
 7 FCPATH\index.php(67): CodeIgniter\CodeIgniter->run()
CRITICAL - 2025-01-03 16:12:18 --> syntax error, unexpected end of file, expecting "elseif" or "else" or "endif"
in APPPATH\Views\detail_returned.php on line 278.
 1 SYSTEMPATH\View\View.php(216): CodeIgniter\View\View->CodeIgniter\View\{closure}()
 2 SYSTEMPATH\Common.php(1142): CodeIgniter\View\View->render('detail_returned', [], true)
 3 APPPATH\Controllers\Detail_returned.php(80): view('detail_returned', [...])
 4 SYSTEMPATH\CodeIgniter.php(902): App\Controllers\Detail_returned->index()
 5 SYSTEMPATH\CodeIgniter.php(457): CodeIgniter\CodeIgniter->runController(Object(App\Controllers\Detail_returned))
 6 SYSTEMPATH\CodeIgniter.php(340): CodeIgniter\CodeIgniter->handleRequest(null, Object(Config\Cache), false)
 7 FCPATH\index.php(67): CodeIgniter\CodeIgniter->run()
CRITICAL - 2025-01-03 16:12:36 --> syntax error, unexpected end of file, expecting "elseif" or "else" or "endif"
in APPPATH\Views\detail_returned.php on line 278.
 1 SYSTEMPATH\View\View.php(216): CodeIgniter\View\View->CodeIgniter\View\{closure}()
 2 SYSTEMPATH\Common.php(1142): CodeIgniter\View\View->render('detail_returned', [], true)
 3 APPPATH\Controllers\Detail_returned.php(80): view('detail_returned', [...])
 4 SYSTEMPATH\CodeIgniter.php(902): App\Controllers\Detail_returned->index()
 5 SYSTEMPATH\CodeIgniter.php(457): CodeIgniter\CodeIgniter->runController(Object(App\Controllers\Detail_returned))
 6 SYSTEMPATH\CodeIgniter.php(340): CodeIgniter\CodeIgniter->handleRequest(null, Object(Config\Cache), false)
 7 FCPATH\index.php(67): CodeIgniter\CodeIgniter->run()
CRITICAL - 2025-01-03 16:13:11 --> syntax error, unexpected end of file, expecting "elseif" or "else" or "endif"
in APPPATH\Views\detail_returned.php on line 277.
 1 SYSTEMPATH\View\View.php(216): CodeIgniter\View\View->CodeIgniter\View\{closure}()
 2 SYSTEMPATH\Common.php(1142): CodeIgniter\View\View->render('detail_returned', [], true)
 3 APPPATH\Controllers\Detail_returned.php(80): view('detail_returned', [...])
 4 SYSTEMPATH\CodeIgniter.php(902): App\Controllers\Detail_returned->index()
 5 SYSTEMPATH\CodeIgniter.php(457): CodeIgniter\CodeIgniter->runController(Object(App\Controllers\Detail_returned))
 6 SYSTEMPATH\CodeIgniter.php(340): CodeIgniter\CodeIgniter->handleRequest(null, Object(Config\Cache), false)
 7 FCPATH\index.php(67): CodeIgniter\CodeIgniter->run()
CRITICAL - 2025-01-03 16:13:26 --> syntax error, unexpected end of file, expecting "elseif" or "else" or "endif"
in APPPATH\Views\detail_returned.php on line 277.
 1 SYSTEMPATH\View\View.php(216): CodeIgniter\View\View->CodeIgniter\View\{closure}()
 2 SYSTEMPATH\Common.php(1142): CodeIgniter\View\View->render('detail_returned', [], true)
 3 APPPATH\Controllers\Detail_returned.php(80): view('detail_returned', [...])
 4 SYSTEMPATH\CodeIgniter.php(902): App\Controllers\Detail_returned->index()
 5 SYSTEMPATH\CodeIgniter.php(457): CodeIgniter\CodeIgniter->runController(Object(App\Controllers\Detail_returned))
 6 SYSTEMPATH\CodeIgniter.php(340): CodeIgniter\CodeIgniter->handleRequest(null, Object(Config\Cache), false)
 7 FCPATH\index.php(67): CodeIgniter\CodeIgniter->run()
CRITICAL - 2025-01-03 16:15:58 --> Undefined variable $budget_attachment
in APPPATH\Controllers\Detail_report.php on line 200.
 1 APPPATH\Controllers\Detail_report.php(200): CodeIgniter\Debug\Exceptions->errorHandler(2, 'Undefined variable $budget_attachment', 'APPPATH\\Controllers\\Detail_report.php', 200)
 2 SYSTEMPATH\CodeIgniter.php(902): App\Controllers\Detail_report->index()
 3 SYSTEMPATH\CodeIgniter.php(457): CodeIgniter\CodeIgniter->runController(Object(App\Controllers\Detail_report))
 4 SYSTEMPATH\CodeIgniter.php(340): CodeIgniter\CodeIgniter->handleRequest(null, Object(Config\Cache), false)
 5 FCPATH\index.php(67): CodeIgniter\CodeIgniter->run()
CRITICAL - 2025-01-03 16:16:15 --> Undefined variable $budget_attachment
in APPPATH\Controllers\Detail_report.php on line 200.
 1 APPPATH\Controllers\Detail_report.php(200): CodeIgniter\Debug\Exceptions->errorHandler(2, 'Undefined variable $budget_attachment', 'APPPATH\\Controllers\\Detail_report.php', 200)
 2 SYSTEMPATH\CodeIgniter.php(902): App\Controllers\Detail_report->index()
 3 SYSTEMPATH\CodeIgniter.php(457): CodeIgniter\CodeIgniter->runController(Object(App\Controllers\Detail_report))
 4 SYSTEMPATH\CodeIgniter.php(340): CodeIgniter\CodeIgniter->handleRequest(null, Object(Config\Cache), false)
 5 FCPATH\index.php(67): CodeIgniter\CodeIgniter->run()
CRITICAL - 2025-01-03 16:16:40 --> Undefined variable $budget_attachment
in APPPATH\Controllers\Detail_report.php on line 200.
 1 APPPATH\Controllers\Detail_report.php(200): CodeIgniter\Debug\Exceptions->errorHandler(2, 'Undefined variable $budget_attachment', 'APPPATH\\Controllers\\Detail_report.php', 200)
 2 SYSTEMPATH\CodeIgniter.php(902): App\Controllers\Detail_report->index()
 3 SYSTEMPATH\CodeIgniter.php(457): CodeIgniter\CodeIgniter->runController(Object(App\Controllers\Detail_report))
 4 SYSTEMPATH\CodeIgniter.php(340): CodeIgniter\CodeIgniter->handleRequest(null, Object(Config\Cache), false)
 5 FCPATH\index.php(67): CodeIgniter\CodeIgniter->run()
CRITICAL - 2025-01-03 16:18:58 --> syntax error, unexpected token "else"
in APPPATH\Views\detail_returned.php on line 223.
 1 SYSTEMPATH\View\View.php(216): CodeIgniter\View\View->CodeIgniter\View\{closure}()
 2 SYSTEMPATH\Common.php(1142): CodeIgniter\View\View->render('detail_returned', [], true)
 3 APPPATH\Controllers\Detail_returned.php(80): view('detail_returned', [...])
 4 SYSTEMPATH\CodeIgniter.php(902): App\Controllers\Detail_returned->index()
 5 SYSTEMPATH\CodeIgniter.php(457): CodeIgniter\CodeIgniter->runController(Object(App\Controllers\Detail_returned))
 6 SYSTEMPATH\CodeIgniter.php(340): CodeIgniter\CodeIgniter->handleRequest(null, Object(Config\Cache), false)
 7 FCPATH\index.php(67): CodeIgniter\CodeIgniter->run()
CRITICAL - 2025-01-03 16:20:52 --> Undefined variable $budget_attachment
in APPPATH\Controllers\Detail_report.php on line 200.
 1 APPPATH\Controllers\Detail_report.php(200): CodeIgniter\Debug\Exceptions->errorHandler(2, 'Undefined variable $budget_attachment', 'APPPATH\\Controllers\\Detail_report.php', 200)
 2 SYSTEMPATH\CodeIgniter.php(902): App\Controllers\Detail_report->index()
 3 SYSTEMPATH\CodeIgniter.php(457): CodeIgniter\CodeIgniter->runController(Object(App\Controllers\Detail_report))
 4 SYSTEMPATH\CodeIgniter.php(340): CodeIgniter\CodeIgniter->handleRequest(null, Object(Config\Cache), false)
 5 FCPATH\index.php(67): CodeIgniter\CodeIgniter->run()
CRITICAL - 2025-01-03 16:21:11 --> Undefined variable $budget_attachment
in APPPATH\Controllers\Detail_report.php on line 200.
 1 APPPATH\Controllers\Detail_report.php(200): CodeIgniter\Debug\Exceptions->errorHandler(2, 'Undefined variable $budget_attachment', 'APPPATH\\Controllers\\Detail_report.php', 200)
 2 SYSTEMPATH\CodeIgniter.php(902): App\Controllers\Detail_report->index()
 3 SYSTEMPATH\CodeIgniter.php(457): CodeIgniter\CodeIgniter->runController(Object(App\Controllers\Detail_report))
 4 SYSTEMPATH\CodeIgniter.php(340): CodeIgniter\CodeIgniter->handleRequest(null, Object(Config\Cache), false)
 5 FCPATH\index.php(67): CodeIgniter\CodeIgniter->run()
CRITICAL - 2025-01-03 16:40:07 --> syntax error, unexpected end of file, expecting "elseif" or "else" or "endif"
in APPPATH\Views\detail_returned.php on line 288.
 1 SYSTEMPATH\View\View.php(216): CodeIgniter\View\View->CodeIgniter\View\{closure}()
 2 SYSTEMPATH\Common.php(1142): CodeIgniter\View\View->render('detail_returned', [], true)
 3 APPPATH\Controllers\Detail_returned.php(80): view('detail_returned', [...])
 4 SYSTEMPATH\CodeIgniter.php(902): App\Controllers\Detail_returned->index()
 5 SYSTEMPATH\CodeIgniter.php(457): CodeIgniter\CodeIgniter->runController(Object(App\Controllers\Detail_returned))
 6 SYSTEMPATH\CodeIgniter.php(340): CodeIgniter\CodeIgniter->handleRequest(null, Object(Config\Cache), false)
 7 FCPATH\index.php(67): CodeIgniter\CodeIgniter->run()
CRITICAL - 2025-01-03 16:45:28 --> Undefined variable $budget_attachment
in APPPATH\Controllers\Detail_report.php on line 200.
 1 APPPATH\Controllers\Detail_report.php(200): CodeIgniter\Debug\Exceptions->errorHandler(2, 'Undefined variable $budget_attachment', 'APPPATH\\Controllers\\Detail_report.php', 200)
 2 SYSTEMPATH\CodeIgniter.php(902): App\Controllers\Detail_report->index()
 3 SYSTEMPATH\CodeIgniter.php(457): CodeIgniter\CodeIgniter->runController(Object(App\Controllers\Detail_report))
 4 SYSTEMPATH\CodeIgniter.php(340): CodeIgniter\CodeIgniter->handleRequest(null, Object(Config\Cache), false)
 5 FCPATH\index.php(67): CodeIgniter\CodeIgniter->run()
CRITICAL - 2025-01-03 16:45:38 --> Undefined variable $budget_attachment
in APPPATH\Controllers\Detail_report.php on line 200.
 1 APPPATH\Controllers\Detail_report.php(200): CodeIgniter\Debug\Exceptions->errorHandler(2, 'Undefined variable $budget_attachment', 'APPPATH\\Controllers\\Detail_report.php', 200)
 2 SYSTEMPATH\CodeIgniter.php(902): App\Controllers\Detail_report->index()
 3 SYSTEMPATH\CodeIgniter.php(457): CodeIgniter\CodeIgniter->runController(Object(App\Controllers\Detail_report))
 4 SYSTEMPATH\CodeIgniter.php(340): CodeIgniter\CodeIgniter->handleRequest(null, Object(Config\Cache), false)
 5 FCPATH\index.php(67): CodeIgniter\CodeIgniter->run()
