ERROR - 2024-11-18 09:58:06 --> mysqli_sql_exception: MySQL server has gone away in D:\xampp\htdocs\debitnote\system\Database\MySQLi\Connection.php:292
Stack trace:
#0 D:\xampp\htdocs\debitnote\system\Database\MySQLi\Connection.php(292): mysqli->query('SELECT *\nFROM `...', 0)
#1 D:\xampp\htdocs\debitnote\system\Database\BaseConnection.php(693): CodeIgniter\Database\MySQLi\Connection->execute('SELECT *\nFROM `...')
#2 D:\xampp\htdocs\debitnote\system\Database\BaseConnection.php(620): CodeIgniter\Database\BaseConnection->simpleQuery('SELECT *\nFROM `...')
#3 D:\xampp\htdocs\debitnote\system\Database\BaseBuilder.php(1585): CodeIgniter\Database\BaseConnection->query('SELECT *\nFROM `...', Array, false)
#4 D:\xampp\htdocs\debitnote\system\Model.php(223): CodeIgniter\Database\BaseBuilder->get()
#5 D:\xampp\htdocs\debitnote\system\BaseModel.php(584): CodeIgniter\Model->doFindAll(0, 0)
#6 D:\xampp\htdocs\debitnote\app\Controllers\Login.php(26): CodeIgniter\BaseModel->findAll()
#7 D:\xampp\htdocs\debitnote\system\CodeIgniter.php(902): App\Controllers\Login->index()
#8 D:\xampp\htdocs\debitnote\system\CodeIgniter.php(457): CodeIgniter\CodeIgniter->runController(Object(App\Controllers\Login))
#9 D:\xampp\htdocs\debitnote\system\CodeIgniter.php(340): CodeIgniter\CodeIgniter->handleRequest(NULL, Object(Config\Cache), false)
#10 D:\xampp\htdocs\debitnote\index.php(67): CodeIgniter\CodeIgniter->run()
#11 {main}
CRITICAL - 2024-11-18 09:58:06 --> MySQL server has gone away
in SYSTEMPATH\Database\MySQLi\Connection.php on line 292.
 1 SYSTEMPATH\Database\MySQLi\Connection.php(292): mysqli->query('SELECT *
FROM `userdata`
WHERE `username` = \'admin_debitnote\'', 0)
 2 SYSTEMPATH\Database\BaseConnection.php(693): CodeIgniter\Database\MySQLi\Connection->execute('SELECT *
FROM `userdata`
WHERE `username` = \'admin_debitnote\'')
 3 SYSTEMPATH\Database\BaseConnection.php(620): CodeIgniter\Database\BaseConnection->simpleQuery('SELECT *
FROM `userdata`
WHERE `username` = \'admin_debitnote\'')
 4 SYSTEMPATH\Database\BaseBuilder.php(1585): CodeIgniter\Database\BaseConnection->query('SELECT *
FROM `userdata`
WHERE `username` = :username:', [...], false)
 5 SYSTEMPATH\Model.php(223): CodeIgniter\Database\BaseBuilder->get()
 6 SYSTEMPATH\BaseModel.php(584): CodeIgniter\Model->doFindAll(0, 0)
 7 APPPATH\Controllers\Login.php(26): CodeIgniter\BaseModel->findAll()
 8 SYSTEMPATH\CodeIgniter.php(902): App\Controllers\Login->index()
 9 SYSTEMPATH\CodeIgniter.php(457): CodeIgniter\CodeIgniter->runController(Object(App\Controllers\Login))
10 SYSTEMPATH\CodeIgniter.php(340): CodeIgniter\CodeIgniter->handleRequest(null, Object(Config\Cache), false)
11 FCPATH\index.php(67): CodeIgniter\CodeIgniter->run()
CRITICAL - 2024-11-18 10:17:45 --> Trying to access array offset on value of type null
in APPPATH\Views\show_users.php on line 39.
 1 APPPATH\Views\show_users.php(39): CodeIgniter\Debug\Exceptions->errorHandler(2, 'Trying to access array offset on value of type null', 'APPPATH\\Views\\show_users.php', 39)
 2 SYSTEMPATH\View\View.php(213): include('APPPATH\\Views\\show_users.php')
 3 SYSTEMPATH\View\View.php(216): CodeIgniter\View\View->CodeIgniter\View\{closure}()
 4 SYSTEMPATH\Common.php(1142): CodeIgniter\View\View->render('show_users', [], true)
 5 APPPATH\Controllers\Show_user.php(35): view('show_users', [...])
 6 SYSTEMPATH\CodeIgniter.php(902): App\Controllers\Show_user->index()
 7 SYSTEMPATH\CodeIgniter.php(457): CodeIgniter\CodeIgniter->runController(Object(App\Controllers\Show_user))
 8 SYSTEMPATH\CodeIgniter.php(340): CodeIgniter\CodeIgniter->handleRequest(null, Object(Config\Cache), false)
 9 FCPATH\index.php(67): CodeIgniter\CodeIgniter->run()
CRITICAL - 2024-11-18 10:18:04 --> Trying to access array offset on value of type null
in APPPATH\Views\show_users.php on line 39.
 1 APPPATH\Views\show_users.php(39): CodeIgniter\Debug\Exceptions->errorHandler(2, 'Trying to access array offset on value of type null', 'APPPATH\\Views\\show_users.php', 39)
 2 SYSTEMPATH\View\View.php(213): include('APPPATH\\Views\\show_users.php')
 3 SYSTEMPATH\View\View.php(216): CodeIgniter\View\View->CodeIgniter\View\{closure}()
 4 SYSTEMPATH\Common.php(1142): CodeIgniter\View\View->render('show_users', [], true)
 5 APPPATH\Controllers\Show_user.php(37): view('show_users', [...])
 6 SYSTEMPATH\CodeIgniter.php(902): App\Controllers\Show_user->index()
 7 SYSTEMPATH\CodeIgniter.php(457): CodeIgniter\CodeIgniter->runController(Object(App\Controllers\Show_user))
 8 SYSTEMPATH\CodeIgniter.php(340): CodeIgniter\CodeIgniter->handleRequest(null, Object(Config\Cache), false)
 9 FCPATH\index.php(67): CodeIgniter\CodeIgniter->run()
