ERROR - 2024-06-18 05:13:06 --> mysqli_sql_exception: MySQL server has gone away in D:\xampp\htdocs\debitnote\system\Database\MySQLi\Connection.php:292
Stack trace:
#0 D:\xampp\htdocs\debitnote\system\Database\MySQLi\Connection.php(292): mysqli->query('SELECT *\nFROM `...', 0)
#1 D:\xampp\htdocs\debitnote\system\Database\BaseConnection.php(693): CodeIgniter\Database\MySQLi\Connection->execute('SELECT *\nFROM `...')
#2 D:\xampp\htdocs\debitnote\system\Database\BaseConnection.php(620): CodeIgniter\Database\BaseConnection->simpleQuery('SELECT *\nFROM `...')
#3 D:\xampp\htdocs\debitnote\system\Database\BaseBuilder.php(1585): CodeIgniter\Database\BaseConnection->query('SELECT *\nFROM `...', Array, false)
#4 D:\xampp\htdocs\debitnote\system\Model.php(223): CodeIgniter\Database\BaseBuilder->get()
#5 D:\xampp\htdocs\debitnote\system\BaseModel.php(584): CodeIgniter\Model->doFindAll(0, 0)
#6 D:\xampp\htdocs\debitnote\app\Controllers\Engineer.php(22): CodeIgniter\BaseModel->findAll()
#7 D:\xampp\htdocs\debitnote\system\CodeIgniter.php(902): App\Controllers\Engineer->index()
#8 D:\xampp\htdocs\debitnote\system\CodeIgniter.php(457): CodeIgniter\CodeIgniter->runController(Object(App\Controllers\Engineer))
#9 D:\xampp\htdocs\debitnote\system\CodeIgniter.php(340): CodeIgniter\CodeIgniter->handleRequest(NULL, Object(Config\Cache), false)
#10 D:\xampp\htdocs\debitnote\index.php(67): CodeIgniter\CodeIgniter->run()
#11 {main}
CRITICAL - 2024-06-18 05:13:06 --> Call to a member function getResult() on bool
in SYSTEMPATH\Model.php on line 224.
 1 SYSTEMPATH\BaseModel.php(584): CodeIgniter\Model->doFindAll(0, 0)
 2 APPPATH\Controllers\Engineer.php(22): CodeIgniter\BaseModel->findAll()
 3 SYSTEMPATH\CodeIgniter.php(902): App\Controllers\Engineer->index()
 4 SYSTEMPATH\CodeIgniter.php(457): CodeIgniter\CodeIgniter->runController(Object(App\Controllers\Engineer))
 5 SYSTEMPATH\CodeIgniter.php(340): CodeIgniter\CodeIgniter->handleRequest(null, Object(Config\Cache), false)
 6 FCPATH\index.php(67): CodeIgniter\CodeIgniter->run()
CRITICAL - 2024-06-18 05:20:28 --> Call to a member function getRandomName() on null
in APPPATH\Controllers\Edit_engineer.php on line 70.
 1 SYSTEMPATH\CodeIgniter.php(902): App\Controllers\Edit_engineer->update_eng()
 2 SYSTEMPATH\CodeIgniter.php(457): CodeIgniter\CodeIgniter->runController(Object(App\Controllers\Edit_engineer))
 3 SYSTEMPATH\CodeIgniter.php(340): CodeIgniter\CodeIgniter->handleRequest(null, Object(Config\Cache), false)
 4 FCPATH\index.php(67): CodeIgniter\CodeIgniter->run()
CRITICAL - 2024-06-18 05:20:54 --> Call to a member function getRandomName() on null
in APPPATH\Controllers\Edit_engineer.php on line 70.
 1 SYSTEMPATH\CodeIgniter.php(902): App\Controllers\Edit_engineer->update_eng()
 2 SYSTEMPATH\CodeIgniter.php(457): CodeIgniter\CodeIgniter->runController(Object(App\Controllers\Edit_engineer))
 3 SYSTEMPATH\CodeIgniter.php(340): CodeIgniter\CodeIgniter->handleRequest(null, Object(Config\Cache), false)
 4 FCPATH\index.php(67): CodeIgniter\CodeIgniter->run()
CRITICAL - 2024-06-18 05:23:37 --> Call to a member function getRandomName() on null
in APPPATH\Controllers\Edit_engineer.php on line 70.
 1 SYSTEMPATH\CodeIgniter.php(902): App\Controllers\Edit_engineer->update_eng()
 2 SYSTEMPATH\CodeIgniter.php(457): CodeIgniter\CodeIgniter->runController(Object(App\Controllers\Edit_engineer))
 3 SYSTEMPATH\CodeIgniter.php(340): CodeIgniter\CodeIgniter->handleRequest(null, Object(Config\Cache), false)
 4 FCPATH\index.php(67): CodeIgniter\CodeIgniter->run()
CRITICAL - 2024-06-18 05:23:39 --> Call to a member function getRandomName() on null
in APPPATH\Controllers\Edit_engineer.php on line 70.
 1 SYSTEMPATH\CodeIgniter.php(902): App\Controllers\Edit_engineer->update_eng()
 2 SYSTEMPATH\CodeIgniter.php(457): CodeIgniter\CodeIgniter->runController(Object(App\Controllers\Edit_engineer))
 3 SYSTEMPATH\CodeIgniter.php(340): CodeIgniter\CodeIgniter->handleRequest(null, Object(Config\Cache), false)
 4 FCPATH\index.php(67): CodeIgniter\CodeIgniter->run()
