CRITICAL - 2024-07-16 10:16:11 --> Undefined variable $remarks
in APPPATH\Controllers\Roc.php on line 27.
 1 APPPATH\Controllers\Roc.php(27): CodeIgniter\Debug\Exceptions->errorHandler(2, 'Undefined variable $remarks', 'APPPATH\\Controllers\\Roc.php', 27)
 2 SYSTEMPATH\CodeIgniter.php(902): App\Controllers\Roc->index()
 3 SYSTEMPATH\CodeIgniter.php(457): CodeIgniter\CodeIgniter->runController(Object(App\Controllers\Roc))
 4 SYSTEMPATH\CodeIgniter.php(340): CodeIgniter\CodeIgniter->handleRequest(null, Object(Config\Cache), false)
 5 FCPATH\index.php(67): CodeIgniter\CodeIgniter->run()
CRITICAL - 2024-07-16 10:17:25 --> Undefined variable $remarks
in APPPATH\Controllers\Roc.php on line 27.
 1 APPPATH\Controllers\Roc.php(27): CodeIgniter\Debug\Exceptions->errorHandler(2, 'Undefined variable $remarks', 'APPPATH\\Controllers\\Roc.php', 27)
 2 SYSTEMPATH\CodeIgniter.php(902): App\Controllers\Roc->index()
 3 SYSTEMPATH\CodeIgniter.php(457): CodeIgniter\CodeIgniter->runController(Object(App\Controllers\Roc))
 4 SYSTEMPATH\CodeIgniter.php(340): CodeIgniter\CodeIgniter->handleRequest(null, Object(Config\Cache), false)
 5 FCPATH\index.php(67): CodeIgniter\CodeIgniter->run()
CRITICAL - 2024-07-16 10:17:32 --> Undefined variable $region
in APPPATH\Controllers\Roc.php on line 31.
 1 APPPATH\Controllers\Roc.php(31): CodeIgniter\Debug\Exceptions->errorHandler(2, 'Undefined variable $region', 'APPPATH\\Controllers\\Roc.php', 31)
 2 SYSTEMPATH\CodeIgniter.php(902): App\Controllers\Roc->index()
 3 SYSTEMPATH\CodeIgniter.php(457): CodeIgniter\CodeIgniter->runController(Object(App\Controllers\Roc))
 4 SYSTEMPATH\CodeIgniter.php(340): CodeIgniter\CodeIgniter->handleRequest(null, Object(Config\Cache), false)
 5 FCPATH\index.php(67): CodeIgniter\CodeIgniter->run()
CRITICAL - 2024-07-16 10:17:48 --> Undefined variable $region
in APPPATH\Controllers\Roc.php on line 43.
 1 APPPATH\Controllers\Roc.php(43): CodeIgniter\Debug\Exceptions->errorHandler(2, 'Undefined variable $region', 'APPPATH\\Controllers\\Roc.php', 43)
 2 SYSTEMPATH\CodeIgniter.php(902): App\Controllers\Roc->index()
 3 SYSTEMPATH\CodeIgniter.php(457): CodeIgniter\CodeIgniter->runController(Object(App\Controllers\Roc))
 4 SYSTEMPATH\CodeIgniter.php(340): CodeIgniter\CodeIgniter->handleRequest(null, Object(Config\Cache), false)
 5 FCPATH\index.php(67): CodeIgniter\CodeIgniter->run()
