CRITICAL - 2024-12-16 15:24:40 --> Undefined array key 1
in APPPATH\Controllers\Engineer_receipt.php on line 206.
 1 APPPATH\Controllers\Engineer_receipt.php(206): CodeIgniter\Debug\Exceptions->errorHandler(2, 'Undefined array key 1', 'APPPATH\\Controllers\\Engineer_receipt.php', 206)
 2 APPPATH\Controllers\Engineer_receipt.php(163): App\Controllers\Engineer_receipt->attachReceipts('0155-IPM-230724', [...], [...])
 3 APPPATH\Controllers\Engineer_receipt.php(59): App\Controllers\Engineer_receipt->saveReportData('0155-IPM-230724', Object(App\Models\EngineerModel), [...], [...])
 4 SYSTEMPATH\CodeIgniter.php(902): App\Controllers\Engineer_receipt->upload_receipts()
 5 SYSTEMPATH\CodeIgniter.php(457): CodeIgniter\CodeIgniter->runController(Object(App\Controllers\Engineer_receipt))
 6 SYSTEMPATH\CodeIgniter.php(340): CodeIgniter\CodeIgniter->handleRequest(null, Object(Config\Cache), false)
 7 FCPATH\index.php(67): CodeIgniter\CodeIgniter->run()
CRITICAL - 2024-12-16 15:25:04 --> Undefined array key 1
in APPPATH\Controllers\Engineer_receipt.php on line 206.
 1 APPPATH\Controllers\Engineer_receipt.php(206): CodeIgniter\Debug\Exceptions->errorHandler(2, 'Undefined array key 1', 'APPPATH\\Controllers\\Engineer_receipt.php', 206)
 2 APPPATH\Controllers\Engineer_receipt.php(163): App\Controllers\Engineer_receipt->attachReceipts('0155-IPM-230724', [...], [...])
 3 APPPATH\Controllers\Engineer_receipt.php(59): App\Controllers\Engineer_receipt->saveReportData('0155-IPM-230724', Object(App\Models\EngineerModel), [...], [...])
 4 SYSTEMPATH\CodeIgniter.php(902): App\Controllers\Engineer_receipt->upload_receipts()
 5 SYSTEMPATH\CodeIgniter.php(457): CodeIgniter\CodeIgniter->runController(Object(App\Controllers\Engineer_receipt))
 6 SYSTEMPATH\CodeIgniter.php(340): CodeIgniter\CodeIgniter->handleRequest(null, Object(Config\Cache), false)
 7 FCPATH\index.php(67): CodeIgniter\CodeIgniter->run()
CRITICAL - 2024-12-16 15:26:59 --> Undefined array key 1
in APPPATH\Controllers\Engineer_receipt.php on line 207.
 1 APPPATH\Controllers\Engineer_receipt.php(207): CodeIgniter\Debug\Exceptions->errorHandler(2, 'Undefined array key 1', 'APPPATH\\Controllers\\Engineer_receipt.php', 207)
 2 APPPATH\Controllers\Engineer_receipt.php(164): App\Controllers\Engineer_receipt->attachReceipts('0155-IPM-230724', [...], [...])
 3 APPPATH\Controllers\Engineer_receipt.php(59): App\Controllers\Engineer_receipt->saveReportData('0155-IPM-230724', Object(App\Models\EngineerModel), [...], [...])
 4 SYSTEMPATH\CodeIgniter.php(902): App\Controllers\Engineer_receipt->upload_receipts()
 5 SYSTEMPATH\CodeIgniter.php(457): CodeIgniter\CodeIgniter->runController(Object(App\Controllers\Engineer_receipt))
 6 SYSTEMPATH\CodeIgniter.php(340): CodeIgniter\CodeIgniter->handleRequest(null, Object(Config\Cache), false)
 7 FCPATH\index.php(67): CodeIgniter\CodeIgniter->run()
CRITICAL - 2024-12-16 15:28:09 --> Undefined array key 1
in APPPATH\Controllers\Engineer_receipt.php on line 207.
 1 APPPATH\Controllers\Engineer_receipt.php(207): CodeIgniter\Debug\Exceptions->errorHandler(2, 'Undefined array key 1', 'APPPATH\\Controllers\\Engineer_receipt.php', 207)
 2 APPPATH\Controllers\Engineer_receipt.php(164): App\Controllers\Engineer_receipt->attachReceipts('0155-IPM-230724', [...], [...])
 3 APPPATH\Controllers\Engineer_receipt.php(59): App\Controllers\Engineer_receipt->saveReportData('0155-IPM-230724', Object(App\Models\EngineerModel), [...], [...])
 4 SYSTEMPATH\CodeIgniter.php(902): App\Controllers\Engineer_receipt->upload_receipts()
 5 SYSTEMPATH\CodeIgniter.php(457): CodeIgniter\CodeIgniter->runController(Object(App\Controllers\Engineer_receipt))
 6 SYSTEMPATH\CodeIgniter.php(340): CodeIgniter\CodeIgniter->handleRequest(null, Object(Config\Cache), false)
 7 FCPATH\index.php(67): CodeIgniter\CodeIgniter->run()
CRITICAL - 2024-12-16 15:28:46 --> Undefined array key 1
in APPPATH\Controllers\Engineer_receipt.php on line 205.
 1 APPPATH\Controllers\Engineer_receipt.php(205): CodeIgniter\Debug\Exceptions->errorHandler(2, 'Undefined array key 1', 'APPPATH\\Controllers\\Engineer_receipt.php', 205)
 2 APPPATH\Controllers\Engineer_receipt.php(164): App\Controllers\Engineer_receipt->attachReceipts('0155-IPM-230724', [...], [...])
 3 APPPATH\Controllers\Engineer_receipt.php(59): App\Controllers\Engineer_receipt->saveReportData('0155-IPM-230724', Object(App\Models\EngineerModel), [...], [...])
 4 SYSTEMPATH\CodeIgniter.php(902): App\Controllers\Engineer_receipt->upload_receipts()
 5 SYSTEMPATH\CodeIgniter.php(457): CodeIgniter\CodeIgniter->runController(Object(App\Controllers\Engineer_receipt))
 6 SYSTEMPATH\CodeIgniter.php(340): CodeIgniter\CodeIgniter->handleRequest(null, Object(Config\Cache), false)
 7 FCPATH\index.php(67): CodeIgniter\CodeIgniter->run()
CRITICAL - 2024-12-16 15:31:23 --> Undefined variable $budgetDetail
in APPPATH\Controllers\Engineer_receipt.php on line 211.
 1 APPPATH\Controllers\Engineer_receipt.php(211): CodeIgniter\Debug\Exceptions->errorHandler(2, 'Undefined variable $budgetDetail', 'APPPATH\\Controllers\\Engineer_receipt.php', 211)
 2 APPPATH\Controllers\Engineer_receipt.php(164): App\Controllers\Engineer_receipt->attachReceipts('0155-IPM-230724', [...], [...])
 3 APPPATH\Controllers\Engineer_receipt.php(59): App\Controllers\Engineer_receipt->saveReportData('0155-IPM-230724', Object(App\Models\EngineerModel), [...], [...])
 4 SYSTEMPATH\CodeIgniter.php(902): App\Controllers\Engineer_receipt->upload_receipts()
 5 SYSTEMPATH\CodeIgniter.php(457): CodeIgniter\CodeIgniter->runController(Object(App\Controllers\Engineer_receipt))
 6 SYSTEMPATH\CodeIgniter.php(340): CodeIgniter\CodeIgniter->handleRequest(null, Object(Config\Cache), false)
 7 FCPATH\index.php(67): CodeIgniter\CodeIgniter->run()
ERROR - 2024-12-16 15:45:35 --> Report submission failed: Undefined array key 17
ERROR - 2024-12-16 15:49:15 --> Report submission failed: Undefined array key 17
CRITICAL - 2024-12-16 15:53:50 --> Undefined array key 17
in APPPATH\Controllers\Engineer_receipt.php on line 211.
 1 APPPATH\Controllers\Engineer_receipt.php(211): CodeIgniter\Debug\Exceptions->errorHandler(2, 'Undefined array key 17', 'APPPATH\\Controllers\\Engineer_receipt.php', 211)
 2 APPPATH\Controllers\Engineer_receipt.php(164): App\Controllers\Engineer_receipt->attachReceipts('0583-IPM-140924', [...], [...])
 3 APPPATH\Controllers\Engineer_receipt.php(59): App\Controllers\Engineer_receipt->saveReportData('0583-IPM-140924', Object(App\Models\EngineerModel), [...], [...])
 4 SYSTEMPATH\CodeIgniter.php(902): App\Controllers\Engineer_receipt->upload_receipts()
 5 SYSTEMPATH\CodeIgniter.php(457): CodeIgniter\CodeIgniter->runController(Object(App\Controllers\Engineer_receipt))
 6 SYSTEMPATH\CodeIgniter.php(340): CodeIgniter\CodeIgniter->handleRequest(null, Object(Config\Cache), false)
 7 FCPATH\index.php(67): CodeIgniter\CodeIgniter->run()
CRITICAL - 2024-12-16 15:54:21 --> Undefined array key 17
in APPPATH\Controllers\Engineer_receipt.php on line 212.
 1 APPPATH\Controllers\Engineer_receipt.php(212): CodeIgniter\Debug\Exceptions->errorHandler(2, 'Undefined array key 17', 'APPPATH\\Controllers\\Engineer_receipt.php', 212)
 2 APPPATH\Controllers\Engineer_receipt.php(164): App\Controllers\Engineer_receipt->attachReceipts('0583-IPM-140924', [...], [...])
 3 APPPATH\Controllers\Engineer_receipt.php(59): App\Controllers\Engineer_receipt->saveReportData('0583-IPM-140924', Object(App\Models\EngineerModel), [...], [...])
 4 SYSTEMPATH\CodeIgniter.php(902): App\Controllers\Engineer_receipt->upload_receipts()
 5 SYSTEMPATH\CodeIgniter.php(457): CodeIgniter\CodeIgniter->runController(Object(App\Controllers\Engineer_receipt))
 6 SYSTEMPATH\CodeIgniter.php(340): CodeIgniter\CodeIgniter->handleRequest(null, Object(Config\Cache), false)
 7 FCPATH\index.php(67): CodeIgniter\CodeIgniter->run()
CRITICAL - 2024-12-16 15:55:10 --> Undefined array key 17
in APPPATH\Controllers\Engineer_receipt.php on line 212.
 1 APPPATH\Controllers\Engineer_receipt.php(212): CodeIgniter\Debug\Exceptions->errorHandler(2, 'Undefined array key 17', 'APPPATH\\Controllers\\Engineer_receipt.php', 212)
 2 APPPATH\Controllers\Engineer_receipt.php(164): App\Controllers\Engineer_receipt->attachReceipts('0583-IPM-140924', [...], [...])
 3 APPPATH\Controllers\Engineer_receipt.php(59): App\Controllers\Engineer_receipt->saveReportData('0583-IPM-140924', Object(App\Models\EngineerModel), [...], [...])
 4 SYSTEMPATH\CodeIgniter.php(902): App\Controllers\Engineer_receipt->upload_receipts()
 5 SYSTEMPATH\CodeIgniter.php(457): CodeIgniter\CodeIgniter->runController(Object(App\Controllers\Engineer_receipt))
 6 SYSTEMPATH\CodeIgniter.php(340): CodeIgniter\CodeIgniter->handleRequest(null, Object(Config\Cache), false)
 7 FCPATH\index.php(67): CodeIgniter\CodeIgniter->run()
CRITICAL - 2024-12-16 16:01:31 --> Undefined array key 17
in APPPATH\Controllers\Engineer_receipt.php on line 212.
 1 APPPATH\Controllers\Engineer_receipt.php(212): CodeIgniter\Debug\Exceptions->errorHandler(2, 'Undefined array key 17', 'APPPATH\\Controllers\\Engineer_receipt.php', 212)
 2 APPPATH\Controllers\Engineer_receipt.php(164): App\Controllers\Engineer_receipt->attachReceipts('0583-IPM-140924', [...], [...])
 3 APPPATH\Controllers\Engineer_receipt.php(59): App\Controllers\Engineer_receipt->saveReportData('0583-IPM-140924', Object(App\Models\EngineerModel), [...], [...])
 4 SYSTEMPATH\CodeIgniter.php(902): App\Controllers\Engineer_receipt->upload_receipts()
 5 SYSTEMPATH\CodeIgniter.php(457): CodeIgniter\CodeIgniter->runController(Object(App\Controllers\Engineer_receipt))
 6 SYSTEMPATH\CodeIgniter.php(340): CodeIgniter\CodeIgniter->handleRequest(null, Object(Config\Cache), false)
 7 FCPATH\index.php(67): CodeIgniter\CodeIgniter->run()
